Log file open, 05/18/20 11:28:25
LogWindows: Failed to load 'aqProf.dll' (GetLastError=126)
LogWindows: File 'aqProf.dll' does not exist
LogWindows: Failed to load 'VtuneApi.dll' (GetLastError=126)
LogWindows: File 'VtuneApi.dll' does not exist
LogWindows: Failed to load 'VtuneApi32e.dll' (GetLastError=126)
LogWindows: File 'VtuneApi32e.dll' does not exist
LogConsoleResponse: Display: Failed to find resolution value strings in scalability ini. Falling back to default.
LogInit: Display: Running engine for game: SolarSailerRebuild
LogPlatformFile: Not using cached read wrapper
LogTaskGraph: Started task graph with 5 named threads and 14 total threads with 3 sets of task threads.
LogStats: Stats thread started at 16.178622
LogD3D11RHI: Loaded GFSDK_Aftermath_Lib.x64.dll
LogICUInternationalization: ICU TimeZone Detection - Raw Offset: +0:00, Platform Override: ''
LogPluginManager: Mounting plugin Paper2D
LogPluginManager: Mounting plugin AISupport
LogPluginManager: Mounting plugin LightPropagationVolume
LogPluginManager: Mounting plugin ActorLayerUtilities
LogPluginManager: Mounting plugin AnimationSharing
LogPluginManager: Mounting plugin CLionSourceCodeAccess
LogPluginManager: Mounting plugin CodeLiteSourceCodeAccess
LogPluginManager: Mounting plugin GitSourceControl
LogPluginManager: Mounting plugin KDevelopSourceCodeAccess
LogPluginManager: Mounting plugin NullSourceCodeAccess
LogPluginManager: Mounting plugin PerforceSourceControl
LogPluginManager: Mounting plugin PlasticSourceControl
LogPluginManager: Mounting plugin SubversionSourceControl
LogPluginManager: Mounting plugin UObjectPlugin
LogPluginManager: Mounting plugin VisualStudioCodeSourceCodeAccess
LogPluginManager: Mounting plugin VisualStudioSourceCodeAccess
LogPluginManager: Mounting plugin XCodeSourceCodeAccess
LogPluginManager: Mounting plugin AssetManagerEditor
LogPluginManager: Mounting plugin CryptoKeys
LogPluginManager: Mounting plugin CurveEditorTools
LogPluginManager: Mounting plugin DataValidation
LogPluginManager: Mounting plugin FacialAnimation
LogPluginManager: Mounting plugin GameplayTagsEditor
LogPluginManager: Mounting plugin MacGraphicsSwitching
LogPluginManager: Mounting plugin MaterialAnalyzer
LogPluginManager: Mounting plugin MobileLauncherProfileWizard
LogPluginManager: Mounting plugin PluginBrowser
LogPluginManager: Mounting plugin SpeedTreeImporter
LogPluginManager: Mounting plugin DatasmithContent
LogPluginManager: Mounting plugin VariantManagerContent
LogPluginManager: Mounting plugin AlembicImporter
LogPluginManager: Mounting plugin AutomationUtils
LogPluginManager: Mounting plugin BackChannel
LogPluginManager: Mounting plugin CharacterAI
LogPluginManager: Mounting plugin GeometryCache
LogPluginManager: Mounting plugin PlatformCrypto
LogPluginManager: Mounting plugin ProxyLODPlugin
LogPluginManager: Mounting plugin SkeletalReduction
LogPluginManager: Mounting plugin MagicLeap
LogPluginManager: Mounting plugin MagicLeapMedia
LogPluginManager: Mounting plugin MLSDK
LogPluginManager: Mounting plugin AndroidMedia
LogPluginManager: Mounting plugin AvfMedia
LogPluginManager: Mounting plugin ImgMedia
LogPluginManager: Mounting plugin MediaCompositing
LogPluginManager: Mounting plugin MediaPlayerEditor
LogPluginManager: Mounting plugin WebMMedia
LogPluginManager: Mounting plugin WmfMedia
LogPluginManager: Mounting plugin TcpMessaging
LogPluginManager: Mounting plugin UdpMessaging
LogPluginManager: Mounting plugin ActorSequence
LogPluginManager: Mounting plugin LevelSequenceEditor
LogPluginManager: Mounting plugin MatineeToLevelSequence
LogPluginManager: Mounting plugin NetcodeUnitTest
LogPluginManager: Mounting plugin NUTUnrealEngine4
LogPluginManager: Mounting plugin OnlineSubsystemGooglePlay
LogPluginManager: Mounting plugin OnlineSubsystemIOS
LogPluginManager: Mounting plugin OnlineSubsystem
LogPluginManager: Mounting plugin OnlineSubsystemNull
LogPluginManager: Mounting plugin OnlineSubsystemUtils
LogPluginManager: Mounting plugin LauncherChunkInstaller
LogPluginManager: Mounting plugin AndroidDeviceProfileSelector
LogPluginManager: Mounting plugin AndroidMoviePlayer
LogPluginManager: Mounting plugin AndroidPermission
LogPluginManager: Mounting plugin AppleImageUtils
LogPluginManager: Mounting plugin AppleMoviePlayer
LogPluginManager: Mounting plugin ArchVisCharacter
LogPluginManager: Mounting plugin AssetTags
LogPluginManager: Mounting plugin AudioCapture
LogPluginManager: Mounting plugin CableComponent
LogPluginManager: Mounting plugin CustomMeshComponent
LogPluginManager: Mounting plugin EditableMesh
LogPluginManager: Mounting plugin ExampleDeviceProfileSelector
LogPluginManager: Mounting plugin GoogleCloudMessaging
LogPluginManager: Mounting plugin IOSDeviceProfileSelector
LogPluginManager: Mounting plugin LinuxDeviceProfileSelector
LogPluginManager: Mounting plugin LocationServicesBPLibrary
LogPluginManager: Mounting plugin MobilePatchingUtils
LogPluginManager: Mounting plugin OculusVR
LogPluginManager: Mounting plugin PhysXVehicles
LogPluginManager: Mounting plugin PostSplashScreen
LogPluginManager: Mounting plugin ProceduralMeshComponent
LogPluginManager: Mounting plugin RuntimePhysXCooking
LogPluginManager: Mounting plugin SignificanceManager
LogPluginManager: Mounting plugin SteamVR
LogPluginManager: Mounting plugin WebMMoviePlayer
LogPluginManager: Mounting plugin WindowsMoviePlayer
LogPluginManager: Mounting plugin ScreenshotTools
LogInit: Using libcurl 7.55.1-DEV
LogInit:  - built for x86_64-pc-win32
LogInit:  - supports SSL with OpenSSL/1.1.1
LogInit:  - supports HTTP deflate (compression) using libz 1.2.8
LogInit:  - other features:
LogInit:      CURL_VERSION_SSL
LogInit:      CURL_VERSION_LIBZ
LogInit:      CURL_VERSION_IPV6
LogInit:      CURL_VERSION_ASYNCHDNS
LogInit:      CURL_VERSION_LARGEFILE
LogInit:      CURL_VERSION_IDN
LogInit:  CurlRequestOptions (configurable via config and command line):
LogInit:  - bVerifyPeer = true  - Libcurl will verify peer certificate
LogInit:  - bUseHttpProxy = false  - Libcurl will NOT use HTTP proxy
LogInit:  - bDontReuseConnections = false  - Libcurl will reuse connections
LogInit:  - MaxHostConnections = 16  - Libcurl will limit the number of connections to a host
LogInit:  - LocalHostAddr = Default
LogInit:  - BufferSize = 65536
LogOnline: OSS: Creating online subsystem instance for: NULL
LogInit: WinSock: version 1.1 (2.2), MaxSocks=32767, MaxUdp=65467
LogOnline: OSS: TryLoadSubsystemAndSetDefault: Loaded subsystem for module [NULL]
LogInit: Build: ++UE4+Release-4.24-CL-11590370
LogInit: Engine Version: 4.24.3-11590370+++UE4+Release-4.24
LogInit: Compatible Engine Version: 4.24.0-10570792+++UE4+Release-4.24
LogInit: Net CL: 10570792
LogInit: OS: Windows 10 (Release 1903) (), CPU: Intel(R) Core(TM) i5-4690K CPU @ 3.50GHz, GPU: AMD Radeon (TM) R9 380 Series
LogInit: Compiled (64-bit): Feb 24 2020 15:39:18
LogInit: Compiled with Visual C++: 19.16.27032.01
LogInit: Build Configuration: Development
LogInit: Branch Name: ++UE4+Release-4.24
LogInit: Command Line: 
LogInit: Base Directory: D:/Program Files/UE_4.24/Engine/Binaries/Win64/
LogInit: Installed Engine Build: 1
LogDevObjectVersion: Number of dev versions registered: 25
LogDevObjectVersion:   Dev-Blueprints (B0D832E4-1F89-4F0D-ACCF-7EB736FD4AA2): 10
LogDevObjectVersion:   Dev-Build (E1C64328-A22C-4D53-A36C-8E866417BD8C): 0
LogDevObjectVersion:   Dev-Core (375EC13C-06E4-48FB-B500-84F0262A717E): 3
LogDevObjectVersion:   Dev-Editor (E4B068ED-F494-42E9-A231-DA0B2E46BB41): 37
LogDevObjectVersion:   Dev-Framework (CFFC743F-43B0-4480-9391-14DF171D2073): 36
LogDevObjectVersion:   Dev-Mobile (B02B49B5-BB20-44E9-A304-32B752E40360): 2
LogDevObjectVersion:   Dev-Networking (A4E4105C-59A1-49B5-A7C5-40C4547EDFEE): 0
LogDevObjectVersion:   Dev-Online (39C831C9-5AE6-47DC-9A44-9C173E1C8E7C): 0
LogDevObjectVersion:   Dev-Physics (78F01B33-EBEA-4F98-B9B4-84EACCB95AA2): 2
LogDevObjectVersion:   Dev-Platform (6631380F-2D4D-43E0-8009-CF276956A95A): 0
LogDevObjectVersion:   Dev-Rendering (12F88B9F-8875-4AFC-A67C-D90C383ABD29): 36
LogDevObjectVersion:   Dev-Sequencer (7B5AE74C-D270-4C10-A958-57980B212A5A): 11
LogDevObjectVersion:   Dev-VR (D7296918-1DD6-4BDD-9DE2-64A83CC13884): 2
LogDevObjectVersion:   Dev-LoadTimes (C2A15278-BFE7-4AFE-6C17-90FF531DF755): 1
LogDevObjectVersion:   Private-Geometry (6EACA3D4-40EC-4CC1-B786-8BED09428FC5): 3
LogDevObjectVersion:   Dev-AnimPhys (29E575DD-E0A3-4627-9D10-D276232CDCEA): 17
LogDevObjectVersion:   Dev-Anim (AF43A65D-7FD3-4947-9873-3E8ED9C1BB05): 2
LogDevObjectVersion:   Dev-ReflectionCapture (6B266CEC-1EC7-4B8F-A30B-E4D90942FC07): 1
LogDevObjectVersion:   Dev-Automation (0DF73D61-A23F-47EA-B727-89E90C41499A): 1
LogDevObjectVersion:   FortniteMain (601D1886-AC64-4F84-AA16-D3DE0DEAC7D6): 31
LogDevObjectVersion:   Dev-Enterprise (9DFFBCD6-494F-0158-E221-12823C92A888): 8
LogDevObjectVersion:   Dev-Niagara (F2AED0AC-9AFE-416F-8664-AA7FFA26D6FC): 1
LogDevObjectVersion:   Dev-Destruction (174F1F0B-B4C6-45A5-B13F-2EE8D0FB917D): 9
LogDevObjectVersion:   Dev-Physics-Ext (35F94A83-E258-406C-A318-09F59610247C): 8
LogDevObjectVersion:   Dev-CineCamera (B2E18506-4273-CFC2-A54E-F4BB758BBA07): 1
LogInit: Presizing for max 25165824 objects, including 0 objects not considered by GC, pre-allocating 0 bytes for permanent pool.
LogInit: Object subsystem initialized
LogConfig: Setting CVar [[con.DebugEarlyDefault:1]]
LogConfig: Setting CVar [[r.setres:1280x720]]
[2020.05.18-10.28.32:504][  0]LogConfig: Setting CVar [[r.VSync:0]]
[2020.05.18-10.28.32:504][  0]LogConfig: Setting CVar [[r.RHICmdBypass:0]]
[2020.05.18-10.28.32:505][  0]LogConfig: Applying CVar settings from Section [/Script/Engine.RendererSettings] File [D:/1 - JuniorCollabTech/SSRebuild/Saved/Config/Windows/Engine.ini]
[2020.05.18-10.28.32:505][  0]LogConfig: Setting CVar [[r.GPUCrashDebugging:0]]
[2020.05.18-10.28.32:505][  0]LogConfig: Applying CVar settings from Section [/Script/Engine.RendererOverrideSettings] File [D:/1 - JuniorCollabTech/SSRebuild/Saved/Config/Windows/Engine.ini]
[2020.05.18-10.28.32:505][  0]LogConfig: Applying CVar settings from Section [/Script/Engine.StreamingSettings] File [D:/1 - JuniorCollabTech/SSRebuild/Saved/Config/Windows/Engine.ini]
[2020.05.18-10.28.32:505][  0]LogConfig: Setting CVar [[s.MinBulkDataSizeForAsyncLoading:131072]]
[2020.05.18-10.28.32:505][  0]LogConfig: Setting CVar [[s.AsyncLoadingThreadEnabled:0]]
[2020.05.18-10.28.32:505][  0]LogConfig: Setting CVar [[s.EventDrivenLoaderEnabled:1]]
[2020.05.18-10.28.32:505][  0]LogConfig: Setting CVar [[s.WarnIfTimeLimitExceeded:0]]
[2020.05.18-10.28.32:505][  0]LogConfig: Setting CVar [[s.TimeLimitExceededMultiplier:1.5]]
[2020.05.18-10.28.32:506][  0]LogConfig: Setting CVar [[s.TimeLimitExceededMinTime:0.005]]
[2020.05.18-10.28.32:506][  0]LogConfig: Setting CVar [[s.UseBackgroundLevelStreaming:1]]
[2020.05.18-10.28.32:506][  0]LogConfig: Setting CVar [[s.PriorityAsyncLoadingExtraTime:15.0]]
[2020.05.18-10.28.32:506][  0]LogConfig: Setting CVar [[s.LevelStreamingActorsUpdateTimeLimit:5.0]]
[2020.05.18-10.28.32:506][  0]LogConfig: Setting CVar [[s.PriorityLevelStreamingActorsUpdateExtraTime:5.0]]
[2020.05.18-10.28.32:506][  0]LogConfig: Setting CVar [[s.LevelStreamingComponentsRegistrationGranularity:10]]
[2020.05.18-10.28.32:506][  0]LogConfig: Setting CVar [[s.UnregisterComponentsTimeLimit:1.0]]
[2020.05.18-10.28.32:506][  0]LogConfig: Setting CVar [[s.LevelStreamingComponentsUnregistrationGranularity:5]]
[2020.05.18-10.28.32:506][  0]LogConfig: Setting CVar [[s.FlushStreamingOnExit:1]]
[2020.05.18-10.28.32:506][  0]LogConfig: Applying CVar settings from Section [/Script/Engine.GarbageCollectionSettings] File [D:/1 - JuniorCollabTech/SSRebuild/Saved/Config/Windows/Engine.ini]
[2020.05.18-10.28.32:506][  0]LogConfig: Setting CVar [[gc.MaxObjectsNotConsideredByGC:1]]
[2020.05.18-10.28.32:506][  0]LogConfig: Setting CVar [[gc.SizeOfPermanentObjectPool:0]]
[2020.05.18-10.28.32:506][  0]LogConfig: Setting CVar [[gc.FlushStreamingOnGC:0]]
[2020.05.18-10.28.32:506][  0]LogConfig: Setting CVar [[gc.NumRetriesBeforeForcingGC:10]]
[2020.05.18-10.28.32:506][  0]LogConfig: Setting CVar [[gc.AllowParallelGC:1]]
[2020.05.18-10.28.32:506][  0]LogConfig: Setting CVar [[gc.TimeBetweenPurgingPendingKillObjects:61.1]]
[2020.05.18-10.28.32:506][  0]LogConfig: Setting CVar [[gc.MaxObjectsInEditor:25165824]]
[2020.05.18-10.28.32:506][  0]LogConfig: Setting CVar [[gc.IncrementalBeginDestroyEnabled:1]]
[2020.05.18-10.28.32:506][  0]LogConfig: Setting CVar [[gc.CreateGCClusters:1]]
[2020.05.18-10.28.32:506][  0]LogConfig: Setting CVar [[gc.MinGCClusterSize:5]]
[2020.05.18-10.28.32:506][  0]LogConfig: Setting CVar [[gc.ActorClusteringEnabled:0]]
[2020.05.18-10.28.32:506][  0]LogConfig: Setting CVar [[gc.BlueprintClusteringEnabled:0]]
[2020.05.18-10.28.32:506][  0]LogConfig: Setting CVar [[gc.UseDisregardForGCOnDedicatedServers:0]]
[2020.05.18-10.28.32:506][  0]LogConfig: Applying CVar settings from Section [/Script/Engine.NetworkSettings] File [D:/1 - JuniorCollabTech/SSRebuild/Saved/Config/Windows/Engine.ini]
[2020.05.18-10.28.32:506][  0]LogConfig: Applying CVar settings from Section [/Script/UnrealEd.CookerSettings] File [D:/1 - JuniorCollabTech/SSRebuild/Saved/Config/Windows/Engine.ini]
[2020.05.18-10.28.32:663][  0]LogConfig: Applying CVar settings from Section [ViewDistanceQuality@3] File [D:/1 - JuniorCollabTech/SSRebuild/Saved/Config/Windows/Scalability.ini]
[2020.05.18-10.28.32:663][  0]LogConfig: Setting CVar [[r.SkeletalMeshLODBias:0]]
[2020.05.18-10.28.32:663][  0]LogConfig: Setting CVar [[r.ViewDistanceScale:1.0]]
[2020.05.18-10.28.32:663][  0]LogConfig: Applying CVar settings from Section [AntiAliasingQuality@3] File [D:/1 - JuniorCollabTech/SSRebuild/Saved/Config/Windows/Scalability.ini]
[2020.05.18-10.28.32:663][  0]LogConfig: Setting CVar [[r.PostProcessAAQuality:4]]
[2020.05.18-10.28.32:663][  0]LogConfig: Applying CVar settings from Section [ShadowQuality@3] File [D:/1 - JuniorCollabTech/SSRebuild/Saved/Config/Windows/Scalability.ini]
[2020.05.18-10.28.32:663][  0]LogConfig: Setting CVar [[r.LightFunctionQuality:1]]
[2020.05.18-10.28.32:664][  0]LogConfig: Setting CVar [[r.ShadowQuality:5]]
[2020.05.18-10.28.32:664][  0]LogConfig: Setting CVar [[r.Shadow.CSM.MaxCascades:10]]
[2020.05.18-10.28.32:664][  0]LogConfig: Setting CVar [[r.Shadow.MaxResolution:2048]]
[2020.05.18-10.28.32:664][  0]LogConfig: Setting CVar [[r.Shadow.MaxCSMResolution:2048]]
[2020.05.18-10.28.32:664][  0]LogConfig: Setting CVar [[r.Shadow.RadiusThreshold:0.01]]
[2020.05.18-10.28.32:664][  0]LogConfig: Setting CVar [[r.Shadow.DistanceScale:1.0]]
[2020.05.18-10.28.32:664][  0]LogConfig: Setting CVar [[r.Shadow.CSM.TransitionScale:1.0]]
[2020.05.18-10.28.32:664][  0]LogConfig: Setting CVar [[r.Shadow.PreShadowResolutionFactor:1.0]]
[2020.05.18-10.28.32:664][  0]LogConfig: Setting CVar [[r.DistanceFieldShadowing:1]]
[2020.05.18-10.28.32:664][  0]LogConfig: Setting CVar [[r.DistanceFieldAO:1]]
[2020.05.18-10.28.32:664][  0]LogConfig: Setting CVar [[r.AOQuality:2]]
[2020.05.18-10.28.32:664][  0]LogConfig: Setting CVar [[r.VolumetricFog:1]]
[2020.05.18-10.28.32:664][  0]LogConfig: Setting CVar [[r.VolumetricFog.GridPixelSize:8]]
[2020.05.18-10.28.32:664][  0]LogConfig: Setting CVar [[r.VolumetricFog.GridSizeZ:128]]
[2020.05.18-10.28.32:664][  0]LogConfig: Setting CVar [[r.VolumetricFog.HistoryMissSupersampleCount:4]]
[2020.05.18-10.28.32:664][  0]LogConfig: Setting CVar [[r.LightMaxDrawDistanceScale:1]]
[2020.05.18-10.28.32:664][  0]LogConfig: Setting CVar [[r.CapsuleShadows:1]]
[2020.05.18-10.28.32:664][  0]LogConfig: Applying CVar settings from Section [PostProcessQuality@3] File [D:/1 - JuniorCollabTech/SSRebuild/Saved/Config/Windows/Scalability.ini]
[2020.05.18-10.28.32:664][  0]LogConfig: Setting CVar [[r.MotionBlurQuality:4]]
[2020.05.18-10.28.32:664][  0]LogConfig: Setting CVar [[r.AmbientOcclusionMipLevelFactor:0.4]]
[2020.05.18-10.28.32:665][  0]LogConfig: Setting CVar [[r.AmbientOcclusionMaxQuality:100]]
[2020.05.18-10.28.32:665][  0]LogConfig: Setting CVar [[r.AmbientOcclusionLevels:-1]]
[2020.05.18-10.28.32:665][  0]LogConfig: Setting CVar [[r.AmbientOcclusionRadiusScale:1.0]]
[2020.05.18-10.28.32:665][  0]LogConfig: Setting CVar [[r.DepthOfFieldQuality:2]]
[2020.05.18-10.28.32:665][  0]LogConfig: Setting CVar [[r.RenderTargetPoolMin:400]]
[2020.05.18-10.28.32:665][  0]LogConfig: Setting CVar [[r.LensFlareQuality:2]]
[2020.05.18-10.28.32:665][  0]LogConfig: Setting CVar [[r.SceneColorFringeQuality:1]]
[2020.05.18-10.28.32:665][  0]LogConfig: Setting CVar [[r.EyeAdaptationQuality:2]]
[2020.05.18-10.28.32:665][  0]LogConfig: Setting CVar [[r.BloomQuality:5]]
[2020.05.18-10.28.32:665][  0]LogConfig: Setting CVar [[r.FastBlurThreshold:100]]
[2020.05.18-10.28.32:665][  0]LogConfig: Setting CVar [[r.Upscale.Quality:3]]
[2020.05.18-10.28.32:665][  0]LogConfig: Setting CVar [[r.Tonemapper.GrainQuantization:1]]
[2020.05.18-10.28.32:665][  0]LogConfig: Setting CVar [[r.LightShaftQuality:1]]
[2020.05.18-10.28.32:665][  0]LogConfig: Setting CVar [[r.Filter.SizeScale:1]]
[2020.05.18-10.28.32:665][  0]LogConfig: Setting CVar [[r.Tonemapper.Quality:5]]
[2020.05.18-10.28.32:665][  0]LogConfig: Setting CVar [[r.DOF.Gather.AccumulatorQuality:1        ; higher gathering accumulator quality]]
[2020.05.18-10.28.32:665][  0]LogConfig: Setting CVar [[r.DOF.Gather.PostfilterMethod:1          ; Median3x3 postfilering method]]
[2020.05.18-10.28.32:665][  0]LogConfig: Setting CVar [[r.DOF.Gather.EnableBokehSettings:0       ; no bokeh simulation when gathering]]
[2020.05.18-10.28.32:665][  0]LogConfig: Setting CVar [[r.DOF.Gather.RingCount:4                 ; medium number of samples when gathering]]
[2020.05.18-10.28.32:665][  0]LogConfig: Setting CVar [[r.DOF.Scatter.ForegroundCompositing:1    ; additive foreground scattering]]
[2020.05.18-10.28.32:666][  0]LogConfig: Setting CVar [[r.DOF.Scatter.BackgroundCompositing:2    ; additive background scattering]]
[2020.05.18-10.28.32:666][  0]LogConfig: Setting CVar [[r.DOF.Scatter.EnableBokehSettings:1      ; bokeh simulation when scattering]]
[2020.05.18-10.28.32:666][  0]LogConfig: Setting CVar [[r.DOF.Scatter.MaxSpriteRatio:0.1         ; only a maximum of 10% of scattered bokeh]]
[2020.05.18-10.28.32:666][  0]LogConfig: Setting CVar [[r.DOF.Recombine.Quality:1                ; cheap slight out of focus]]
[2020.05.18-10.28.32:666][  0]LogConfig: Setting CVar [[r.DOF.Recombine.EnableBokehSettings:0    ; no bokeh simulation on slight out of focus]]
[2020.05.18-10.28.32:666][  0]LogConfig: Setting CVar [[r.DOF.TemporalAAQuality:1                ; more stable temporal accumulation]]
[2020.05.18-10.28.32:666][  0]LogConfig: Setting CVar [[r.DOF.Kernel.MaxForegroundRadius:0.025]]
[2020.05.18-10.28.32:666][  0]LogConfig: Setting CVar [[r.DOF.Kernel.MaxBackgroundRadius:0.025]]
[2020.05.18-10.28.32:666][  0]LogConfig: Applying CVar settings from Section [TextureQuality@3] File [D:/1 - JuniorCollabTech/SSRebuild/Saved/Config/Windows/Scalability.ini]
[2020.05.18-10.28.32:666][  0]LogConfig: Setting CVar [[r.Streaming.MipBias:0]]
[2020.05.18-10.28.32:666][  0]LogConfig: Setting CVar [[r.Streaming.AmortizeCPUToGPUCopy:0]]
[2020.05.18-10.28.32:666][  0]LogConfig: Setting CVar [[r.Streaming.MaxNumTexturesToStreamPerFrame:0]]
[2020.05.18-10.28.32:666][  0]LogConfig: Setting CVar [[r.Streaming.Boost:1]]
[2020.05.18-10.28.32:666][  0]LogConfig: Setting CVar [[r.MaxAnisotropy:8]]
[2020.05.18-10.28.32:666][  0]LogConfig: Setting CVar [[r.VT.MaxAnisotropy:8]]
[2020.05.18-10.28.32:666][  0]LogConfig: Setting CVar [[r.Streaming.LimitPoolSizeToVRAM:0]]
[2020.05.18-10.28.32:666][  0]LogConfig: Setting CVar [[r.Streaming.PoolSize:1000]]
[2020.05.18-10.28.32:666][  0]LogConfig: Setting CVar [[r.Streaming.MaxEffectiveScreenSize:0]]
[2020.05.18-10.28.32:666][  0]LogConfig: Applying CVar settings from Section [EffectsQuality@3] File [D:/1 - JuniorCollabTech/SSRebuild/Saved/Config/Windows/Scalability.ini]
[2020.05.18-10.28.32:667][  0]LogConfig: Setting CVar [[r.TranslucencyLightingVolumeDim:64]]
[2020.05.18-10.28.32:667][  0]LogConfig: Setting CVar [[r.RefractionQuality:2]]
[2020.05.18-10.28.32:667][  0]LogConfig: Setting CVar [[r.SSR.Quality:3]]
[2020.05.18-10.28.32:667][  0]LogConfig: Setting CVar [[r.SSR.HalfResSceneColor:0]]
[2020.05.18-10.28.32:667][  0]LogConfig: Setting CVar [[r.SceneColorFormat:4]]
[2020.05.18-10.28.32:667][  0]LogConfig: Setting CVar [[r.DetailMode:2]]
[2020.05.18-10.28.32:667][  0]LogConfig: Setting CVar [[r.TranslucencyVolumeBlur:1]]
[2020.05.18-10.28.32:667][  0]LogConfig: Setting CVar [[r.MaterialQualityLevel:1 ; High quality]]
[2020.05.18-10.28.32:667][  0]LogConfig: Setting CVar [[r.SSS.Scale:1]]
[2020.05.18-10.28.32:667][  0]LogConfig: Setting CVar [[r.SSS.SampleSet:2]]
[2020.05.18-10.28.32:667][  0]LogConfig: Setting CVar [[r.SSS.Quality:1]]
[2020.05.18-10.28.32:667][  0]LogConfig: Setting CVar [[r.SSS.HalfRes:1]]
[2020.05.18-10.28.32:667][  0]LogConfig: Setting CVar [[r.SSGI.Quality:3]]
[2020.05.18-10.28.32:667][  0]LogConfig: Setting CVar [[r.EmitterSpawnRateScale:1.0]]
[2020.05.18-10.28.32:667][  0]LogConfig: Setting CVar [[r.ParticleLightQuality:2]]
[2020.05.18-10.28.32:667][  0]LogConfig: Setting CVar [[r.SkyAtmosphere.AerialPerspectiveLUT.FastApplyOnOpaque:1 ; Always have FastSkyLUT 1 in this case to avoid wrong sky]]
[2020.05.18-10.28.32:667][  0]LogConfig: Setting CVar [[r.SkyAtmosphere.AerialPerspectiveLUT.SampleCountPerSlice:1]]
[2020.05.18-10.28.32:667][  0]LogConfig: Setting CVar [[r.SkyAtmosphere.AerialPerspectiveLUT.DepthResolution:16.0]]
[2020.05.18-10.28.32:667][  0]LogConfig: Setting CVar [[r.SkyAtmosphere.FastSkyLUT:1]]
[2020.05.18-10.28.32:667][  0]LogConfig: Setting CVar [[r.SkyAtmosphere.FastSkyLUT.SampleCountMin:4.0]]
[2020.05.18-10.28.32:668][  0]LogConfig: Setting CVar [[r.SkyAtmosphere.FastSkyLUT.SampleCountMax:32.0]]
[2020.05.18-10.28.32:668][  0]LogConfig: Setting CVar [[r.SkyAtmosphere.SampleCountMin:4.0]]
[2020.05.18-10.28.32:668][  0]LogConfig: Setting CVar [[r.SkyAtmosphere.SampleCountMax:32.0]]
[2020.05.18-10.28.32:668][  0]LogConfig: Setting CVar [[r.SkyAtmosphere.TransmittanceLUT.UseSmallFormat:0]]
[2020.05.18-10.28.32:668][  0]LogConfig: Setting CVar [[r.SkyAtmosphere.TransmittanceLUT.SampleCount:10.0]]
[2020.05.18-10.28.32:668][  0]LogConfig: Setting CVar [[r.SkyAtmosphere.MultiScatteringLUT.SampleCount:15.0]]
[2020.05.18-10.28.32:668][  0]LogConfig: Applying CVar settings from Section [FoliageQuality@3] File [D:/1 - JuniorCollabTech/SSRebuild/Saved/Config/Windows/Scalability.ini]
[2020.05.18-10.28.32:668][  0]LogConfig: Setting CVar [[foliage.DensityScale:1.0]]
[2020.05.18-10.28.32:668][  0]LogConfig: Setting CVar [[grass.DensityScale:1.0]]
[2020.05.18-10.28.32:668][  0]LogConfig: Applying CVar settings from Section [ShadingQuality@3] File [D:/1 - JuniorCollabTech/SSRebuild/Saved/Config/Windows/Scalability.ini]
[2020.05.18-10.28.32:668][  0]LogConfig: Setting CVar [[r.HairStrands.SkyLighting.SampleCount:16]]
[2020.05.18-10.28.32:668][  0]LogConfig: Setting CVar [[r.HairStrands.SkyLighting.JitterIntegration:0]]
[2020.05.18-10.28.32:668][  0]LogConfig: Setting CVar [[r.HairStrands.SkyAO.SampleCount:16]]
[2020.05.18-10.28.32:673][  0]LogInit: Selected Device Profile: [Windows]
[2020.05.18-10.28.32:673][  0]LogInit: Applying CVar settings loaded from the selected device profile: [Windows]
[2020.05.18-10.28.32:838][  0]LogHAL: Display: Platform has ~ 16 GB [17119059968 / 17179869184 / 16], which maps to Larger [LargestMinGB=32, LargerMinGB=12, DefaultMinGB=8, SmallerMinGB=6, SmallestMinGB=0)
[2020.05.18-10.28.32:838][  0]LogInit: Going up to parent DeviceProfile []
[2020.05.18-10.28.32:839][  0]LogConfig: Applying CVar settings from Section [ViewDistanceQuality@3] File [D:/1 - JuniorCollabTech/SSRebuild/Saved/Config/Windows/Scalability.ini]
[2020.05.18-10.28.32:839][  0]LogConfig: Setting CVar [[r.SkeletalMeshLODBias:0]]
[2020.05.18-10.28.32:839][  0]LogConfig: Setting CVar [[r.ViewDistanceScale:1.0]]
[2020.05.18-10.28.32:839][  0]LogConfig: Applying CVar settings from Section [AntiAliasingQuality@3] File [D:/1 - JuniorCollabTech/SSRebuild/Saved/Config/Windows/Scalability.ini]
[2020.05.18-10.28.32:839][  0]LogConfig: Setting CVar [[r.PostProcessAAQuality:4]]
[2020.05.18-10.28.32:839][  0]LogConfig: Applying CVar settings from Section [ShadowQuality@3] File [D:/1 - JuniorCollabTech/SSRebuild/Saved/Config/Windows/Scalability.ini]
[2020.05.18-10.28.32:839][  0]LogConfig: Setting CVar [[r.LightFunctionQuality:1]]
[2020.05.18-10.28.32:839][  0]LogConfig: Setting CVar [[r.ShadowQuality:5]]
[2020.05.18-10.28.32:839][  0]LogConfig: Setting CVar [[r.Shadow.CSM.MaxCascades:10]]
[2020.05.18-10.28.32:839][  0]LogConfig: Setting CVar [[r.Shadow.MaxResolution:2048]]
[2020.05.18-10.28.32:839][  0]LogConfig: Setting CVar [[r.Shadow.MaxCSMResolution:2048]]
[2020.05.18-10.28.32:839][  0]LogConfig: Setting CVar [[r.Shadow.RadiusThreshold:0.01]]
[2020.05.18-10.28.32:839][  0]LogConfig: Setting CVar [[r.Shadow.DistanceScale:1.0]]
[2020.05.18-10.28.32:839][  0]LogConfig: Setting CVar [[r.Shadow.CSM.TransitionScale:1.0]]
[2020.05.18-10.28.32:839][  0]LogConfig: Setting CVar [[r.Shadow.PreShadowResolutionFactor:1.0]]
[2020.05.18-10.28.32:839][  0]LogConfig: Setting CVar [[r.DistanceFieldShadowing:1]]
[2020.05.18-10.28.32:839][  0]LogConfig: Setting CVar [[r.DistanceFieldAO:1]]
[2020.05.18-10.28.32:840][  0]LogConfig: Setting CVar [[r.AOQuality:2]]
[2020.05.18-10.28.32:840][  0]LogConfig: Setting CVar [[r.VolumetricFog:1]]
[2020.05.18-10.28.32:840][  0]LogConfig: Setting CVar [[r.VolumetricFog.GridPixelSize:8]]
[2020.05.18-10.28.32:840][  0]LogConfig: Setting CVar [[r.VolumetricFog.GridSizeZ:128]]
[2020.05.18-10.28.32:840][  0]LogConfig: Setting CVar [[r.VolumetricFog.HistoryMissSupersampleCount:4]]
[2020.05.18-10.28.32:840][  0]LogConfig: Setting CVar [[r.LightMaxDrawDistanceScale:1]]
[2020.05.18-10.28.32:840][  0]LogConfig: Setting CVar [[r.CapsuleShadows:1]]
[2020.05.18-10.28.32:840][  0]LogConfig: Applying CVar settings from Section [PostProcessQuality@3] File [D:/1 - JuniorCollabTech/SSRebuild/Saved/Config/Windows/Scalability.ini]
[2020.05.18-10.28.32:840][  0]LogConfig: Setting CVar [[r.MotionBlurQuality:4]]
[2020.05.18-10.28.32:840][  0]LogConfig: Setting CVar [[r.AmbientOcclusionMipLevelFactor:0.4]]
[2020.05.18-10.28.32:840][  0]LogConfig: Setting CVar [[r.AmbientOcclusionMaxQuality:100]]
[2020.05.18-10.28.32:840][  0]LogConfig: Setting CVar [[r.AmbientOcclusionLevels:-1]]
[2020.05.18-10.28.32:840][  0]LogConfig: Setting CVar [[r.AmbientOcclusionRadiusScale:1.0]]
[2020.05.18-10.28.32:840][  0]LogConfig: Setting CVar [[r.DepthOfFieldQuality:2]]
[2020.05.18-10.28.32:840][  0]LogConfig: Setting CVar [[r.RenderTargetPoolMin:400]]
[2020.05.18-10.28.32:840][  0]LogConfig: Setting CVar [[r.LensFlareQuality:2]]
[2020.05.18-10.28.32:840][  0]LogConfig: Setting CVar [[r.SceneColorFringeQuality:1]]
[2020.05.18-10.28.32:840][  0]LogConfig: Setting CVar [[r.EyeAdaptationQuality:2]]
[2020.05.18-10.28.32:840][  0]LogConfig: Setting CVar [[r.BloomQuality:5]]
[2020.05.18-10.28.32:841][  0]LogConfig: Setting CVar [[r.FastBlurThreshold:100]]
[2020.05.18-10.28.32:841][  0]LogConfig: Setting CVar [[r.Upscale.Quality:3]]
[2020.05.18-10.28.32:841][  0]LogConfig: Setting CVar [[r.Tonemapper.GrainQuantization:1]]
[2020.05.18-10.28.32:841][  0]LogConfig: Setting CVar [[r.LightShaftQuality:1]]
[2020.05.18-10.28.32:841][  0]LogConfig: Setting CVar [[r.Filter.SizeScale:1]]
[2020.05.18-10.28.32:841][  0]LogConfig: Setting CVar [[r.Tonemapper.Quality:5]]
[2020.05.18-10.28.32:841][  0]LogConfig: Setting CVar [[r.DOF.Gather.AccumulatorQuality:1        ; higher gathering accumulator quality]]
[2020.05.18-10.28.32:841][  0]LogConfig: Setting CVar [[r.DOF.Gather.PostfilterMethod:1          ; Median3x3 postfilering method]]
[2020.05.18-10.28.32:841][  0]LogConfig: Setting CVar [[r.DOF.Gather.EnableBokehSettings:0       ; no bokeh simulation when gathering]]
[2020.05.18-10.28.32:841][  0]LogConfig: Setting CVar [[r.DOF.Gather.RingCount:4                 ; medium number of samples when gathering]]
[2020.05.18-10.28.32:841][  0]LogConfig: Setting CVar [[r.DOF.Scatter.ForegroundCompositing:1    ; additive foreground scattering]]
[2020.05.18-10.28.32:841][  0]LogConfig: Setting CVar [[r.DOF.Scatter.BackgroundCompositing:2    ; additive background scattering]]
[2020.05.18-10.28.32:841][  0]LogConfig: Setting CVar [[r.DOF.Scatter.EnableBokehSettings:1      ; bokeh simulation when scattering]]
[2020.05.18-10.28.32:841][  0]LogConfig: Setting CVar [[r.DOF.Scatter.MaxSpriteRatio:0.1         ; only a maximum of 10% of scattered bokeh]]
[2020.05.18-10.28.32:841][  0]LogConfig: Setting CVar [[r.DOF.Recombine.Quality:1                ; cheap slight out of focus]]
[2020.05.18-10.28.32:841][  0]LogConfig: Setting CVar [[r.DOF.Recombine.EnableBokehSettings:0    ; no bokeh simulation on slight out of focus]]
[2020.05.18-10.28.32:841][  0]LogConfig: Setting CVar [[r.DOF.TemporalAAQuality:1                ; more stable temporal accumulation]]
[2020.05.18-10.28.32:841][  0]LogConfig: Setting CVar [[r.DOF.Kernel.MaxForegroundRadius:0.025]]
[2020.05.18-10.28.32:841][  0]LogConfig: Setting CVar [[r.DOF.Kernel.MaxBackgroundRadius:0.025]]
[2020.05.18-10.28.32:841][  0]LogConfig: Applying CVar settings from Section [TextureQuality@3] File [D:/1 - JuniorCollabTech/SSRebuild/Saved/Config/Windows/Scalability.ini]
[2020.05.18-10.28.32:842][  0]LogConfig: Setting CVar [[r.Streaming.MipBias:0]]
[2020.05.18-10.28.32:842][  0]LogConfig: Setting CVar [[r.Streaming.AmortizeCPUToGPUCopy:0]]
[2020.05.18-10.28.32:842][  0]LogConfig: Setting CVar [[r.Streaming.MaxNumTexturesToStreamPerFrame:0]]
[2020.05.18-10.28.32:842][  0]LogConfig: Setting CVar [[r.Streaming.Boost:1]]
[2020.05.18-10.28.32:842][  0]LogConfig: Setting CVar [[r.MaxAnisotropy:8]]
[2020.05.18-10.28.32:842][  0]LogConfig: Setting CVar [[r.VT.MaxAnisotropy:8]]
[2020.05.18-10.28.32:842][  0]LogConfig: Setting CVar [[r.Streaming.LimitPoolSizeToVRAM:0]]
[2020.05.18-10.28.32:842][  0]LogConfig: Setting CVar [[r.Streaming.PoolSize:1000]]
[2020.05.18-10.28.32:842][  0]LogConfig: Setting CVar [[r.Streaming.MaxEffectiveScreenSize:0]]
[2020.05.18-10.28.32:842][  0]LogConfig: Applying CVar settings from Section [EffectsQuality@3] File [D:/1 - JuniorCollabTech/SSRebuild/Saved/Config/Windows/Scalability.ini]
[2020.05.18-10.28.32:842][  0]LogConfig: Setting CVar [[r.TranslucencyLightingVolumeDim:64]]
[2020.05.18-10.28.32:842][  0]LogConfig: Setting CVar [[r.RefractionQuality:2]]
[2020.05.18-10.28.32:842][  0]LogConfig: Setting CVar [[r.SSR.Quality:3]]
[2020.05.18-10.28.32:842][  0]LogConfig: Setting CVar [[r.SSR.HalfResSceneColor:0]]
[2020.05.18-10.28.32:842][  0]LogConfig: Setting CVar [[r.SceneColorFormat:4]]
[2020.05.18-10.28.32:842][  0]LogConfig: Setting CVar [[r.DetailMode:2]]
[2020.05.18-10.28.32:842][  0]LogConfig: Setting CVar [[r.TranslucencyVolumeBlur:1]]
[2020.05.18-10.28.32:842][  0]LogConfig: Setting CVar [[r.MaterialQualityLevel:1 ; High quality]]
[2020.05.18-10.28.32:842][  0]LogConfig: Setting CVar [[r.SSS.Scale:1]]
[2020.05.18-10.28.32:843][  0]LogConfig: Setting CVar [[r.SSS.SampleSet:2]]
[2020.05.18-10.28.32:843][  0]LogConfig: Setting CVar [[r.SSS.Quality:1]]
[2020.05.18-10.28.32:843][  0]LogConfig: Setting CVar [[r.SSS.HalfRes:1]]
[2020.05.18-10.28.32:843][  0]LogConfig: Setting CVar [[r.SSGI.Quality:3]]
[2020.05.18-10.28.32:843][  0]LogConfig: Setting CVar [[r.EmitterSpawnRateScale:1.0]]
[2020.05.18-10.28.32:843][  0]LogConfig: Setting CVar [[r.ParticleLightQuality:2]]
[2020.05.18-10.28.32:843][  0]LogConfig: Setting CVar [[r.SkyAtmosphere.AerialPerspectiveLUT.FastApplyOnOpaque:1 ; Always have FastSkyLUT 1 in this case to avoid wrong sky]]
[2020.05.18-10.28.32:843][  0]LogConfig: Setting CVar [[r.SkyAtmosphere.AerialPerspectiveLUT.SampleCountPerSlice:1]]
[2020.05.18-10.28.32:843][  0]LogConfig: Setting CVar [[r.SkyAtmosphere.AerialPerspectiveLUT.DepthResolution:16.0]]
[2020.05.18-10.28.32:843][  0]LogConfig: Setting CVar [[r.SkyAtmosphere.FastSkyLUT:1]]
[2020.05.18-10.28.32:843][  0]LogConfig: Setting CVar [[r.SkyAtmosphere.FastSkyLUT.SampleCountMin:4.0]]
[2020.05.18-10.28.32:843][  0]LogConfig: Setting CVar [[r.SkyAtmosphere.FastSkyLUT.SampleCountMax:32.0]]
[2020.05.18-10.28.32:843][  0]LogConfig: Setting CVar [[r.SkyAtmosphere.SampleCountMin:4.0]]
[2020.05.18-10.28.32:843][  0]LogConfig: Setting CVar [[r.SkyAtmosphere.SampleCountMax:32.0]]
[2020.05.18-10.28.32:843][  0]LogConfig: Setting CVar [[r.SkyAtmosphere.TransmittanceLUT.UseSmallFormat:0]]
[2020.05.18-10.28.32:843][  0]LogConfig: Setting CVar [[r.SkyAtmosphere.TransmittanceLUT.SampleCount:10.0]]
[2020.05.18-10.28.32:843][  0]LogConfig: Setting CVar [[r.SkyAtmosphere.MultiScatteringLUT.SampleCount:15.0]]
[2020.05.18-10.28.32:843][  0]LogConfig: Applying CVar settings from Section [FoliageQuality@3] File [D:/1 - JuniorCollabTech/SSRebuild/Saved/Config/Windows/Scalability.ini]
[2020.05.18-10.28.32:843][  0]LogConfig: Setting CVar [[foliage.DensityScale:1.0]]
[2020.05.18-10.28.32:843][  0]LogConfig: Setting CVar [[grass.DensityScale:1.0]]
[2020.05.18-10.28.32:844][  0]LogConfig: Applying CVar settings from Section [ShadingQuality@3] File [D:/1 - JuniorCollabTech/SSRebuild/Saved/Config/Windows/Scalability.ini]
[2020.05.18-10.28.32:844][  0]LogConfig: Setting CVar [[r.HairStrands.SkyLighting.SampleCount:16]]
[2020.05.18-10.28.32:844][  0]LogConfig: Setting CVar [[r.HairStrands.SkyLighting.JitterIntegration:0]]
[2020.05.18-10.28.32:844][  0]LogConfig: Setting CVar [[r.HairStrands.SkyAO.SampleCount:16]]
[2020.05.18-10.28.32:844][  0]LogConfig: Applying CVar settings from Section [Startup] File [../../../Engine/Config/ConsoleVariables.ini]
[2020.05.18-10.28.32:876][  0]LogConfig: Setting CVar [[net.UseAdaptiveNetUpdateFrequency:0]]
[2020.05.18-10.28.32:876][  0]LogConfig: Setting CVar [[p.chaos.AllowCreatePhysxBodies:1]]
[2020.05.18-10.28.32:876][  0]LogConfig: Applying CVar settings from Section [ConsoleVariables] File [D:/1 - JuniorCollabTech/SSRebuild/Saved/Config/Windows/Engine.ini]
[2020.05.18-10.28.32:908][  0]LogInit: Computer: MICHAELS-PC
[2020.05.18-10.28.32:908][  0]LogInit: User: Michael
[2020.05.18-10.28.32:908][  0]LogInit: CPU Page size=4096, Cores=4
[2020.05.18-10.28.32:908][  0]LogInit: High frequency timer resolution =10.000000 MHz
[2020.05.18-10.28.32:909][  0]LogMemory: Memory total: Physical=15.9GB (16GB approx)
[2020.05.18-10.28.32:909][  0]LogMemory: Platform Memory Stats for Windows
[2020.05.18-10.28.32:909][  0]LogMemory: Process Physical Memory: 105.08 MB used, 105.08 MB peak
[2020.05.18-10.28.32:909][  0]LogMemory: Process Virtual Memory: 99.75 MB used, 99.75 MB peak
[2020.05.18-10.28.32:909][  0]LogMemory: Physical Memory: 6211.52 MB used,  10114.49 MB free, 16326.01 MB total
[2020.05.18-10.28.32:909][  0]LogMemory: Virtual Memory: 5121.16 MB used,  134212608.00 MB free, 134217728.00 MB total
[2020.05.18-10.28.32:931][  0]LogWindows: WindowsPlatformFeatures enabled
[2020.05.18-10.28.35:401][  0]LogInit: Using OS detected language (en-GB).
[2020.05.18-10.28.35:401][  0]LogInit: Using OS detected locale (en-GB).
[2020.05.18-10.28.35:439][  0]LogTextLocalizationManager: No specific localization for 'en-GB' exists, so the 'en' localization will be used.
[2020.05.18-10.28.36:823][  0]LogInit: Setting process to per monitor DPI aware
[2020.05.18-10.28.38:101][  0]LogSlate: New Slate User Created.  User Index 0, Is Virtual User: 0
[2020.05.18-10.28.38:101][  0]LogSlate: Slate User Registered.  User Index 0, Is Virtual User: 0
[2020.05.18-10.28.48:288][  0]LogHMD: Failed to initialize OpenVR with code 110
[2020.05.18-10.28.48:289][  0]LogD3D11RHI: D3D11 min allowed feature level: 11_0
[2020.05.18-10.28.48:289][  0]LogD3D11RHI: D3D11 max allowed feature level: 11_0
[2020.05.18-10.28.48:289][  0]LogD3D11RHI: D3D11 adapters:
[2020.05.18-10.28.48:375][  0]LogD3D11RHI:    0. 'AMD Radeon (TM) R9 380 Series' (Feature Level 11_0)
[2020.05.18-10.28.48:375][  0]LogD3D11RHI:       2023/0/8163 MB DedicatedVideo/DedicatedSystem/SharedSystem, Outputs:2, VendorId:0x1002
[2020.05.18-10.28.48:381][  0]LogD3D11RHI:    1. 'Microsoft Basic Render Driver' (Feature Level 11_0)
[2020.05.18-10.28.48:381][  0]LogD3D11RHI:       0/0/8163 MB DedicatedVideo/DedicatedSystem/SharedSystem, Outputs:0, VendorId:0x1414
[2020.05.18-10.28.48:381][  0]LogD3D11RHI: Chosen D3D11 Adapter: 0
[2020.05.18-10.28.48:410][  0]LogD3D11RHI: Creating new Direct3DDevice
[2020.05.18-10.28.48:410][  0]LogD3D11RHI:     GPU DeviceId: 0x6939 (for the marketing name, search the web for "GPU Device Id")
[2020.05.18-10.28.48:410][  0]LogWindows: EnumDisplayDevices:
[2020.05.18-10.28.48:411][  0]LogWindows:    0. 'AMD Radeon (TM) R9 380 Series' (P:1 D:1)
[2020.05.18-10.28.48:411][  0]LogWindows:    1. 'AMD Radeon (TM) R9 380 Series' (P:0 D:1)
[2020.05.18-10.28.48:412][  0]LogWindows:    2. 'AMD Radeon (TM) R9 380 Series' (P:0 D:0)
[2020.05.18-10.28.48:412][  0]LogWindows:    3. 'AMD Radeon (TM) R9 380 Series' (P:0 D:0)
[2020.05.18-10.28.48:413][  0]LogWindows:    4. 'AMD Radeon (TM) R9 380 Series' (P:0 D:0)
[2020.05.18-10.28.48:413][  0]LogWindows:    5. 'AMD Radeon (TM) R9 380 Series' (P:0 D:0)
[2020.05.18-10.28.48:414][  0]LogWindows:    6. 'AMD Radeon (TM) R9 380 Series' (P:0 D:0)
[2020.05.18-10.28.48:414][  0]LogWindows:    7. 'AMD Radeon (TM) R9 380 Series' (P:0 D:0)
[2020.05.18-10.28.48:415][  0]LogWindows: DebugString: FoundDriverCount:8 
[2020.05.18-10.28.48:415][  0]LogD3D11RHI:     Adapter Name: AMD Radeon (TM) R9 380 Series
[2020.05.18-10.28.48:415][  0]LogD3D11RHI:   Driver Version: Adrenalin 19.20 (internal:26.20.12028.2, unified:26.20.12028.2)
[2020.05.18-10.28.48:415][  0]LogD3D11RHI:      Driver Date: 8-16-2019
[2020.05.18-10.28.48:415][  0]LogRHI: Texture pool is 1416 MB (70% of 2023 MB)
[2020.05.18-10.28.48:516][  0]LogD3D11RHI: RHI does not have support for 64 bit atomics
[2020.05.18-10.28.48:516][  0]LogD3D11RHI: Async texture creation enabled
[2020.05.18-10.28.48:771][  0]LogD3D11RHI: GPU Timing Frequency: 27.000000 (Debug: 2 1)
[2020.05.18-10.28.50:206][  0]LogTargetPlatformManager: Display: Loaded TargetPlatform 'AllDesktop'
[2020.05.18-10.28.50:399][  0]LogTargetPlatformManager: Display: Loaded TargetPlatform 'Android'
[2020.05.18-10.28.50:399][  0]LogTargetPlatformManager: Display: Loaded TargetPlatform 'Android_ASTC'
[2020.05.18-10.28.50:399][  0]LogTargetPlatformManager: Display: Loaded TargetPlatform 'Android_ATC'
[2020.05.18-10.28.50:399][  0]LogTargetPlatformManager: Display: Loaded TargetPlatform 'Android_DXT'
[2020.05.18-10.28.50:399][  0]LogTargetPlatformManager: Display: Loaded TargetPlatform 'Android_ETC1'
[2020.05.18-10.28.50:399][  0]LogTargetPlatformManager: Display: Loaded TargetPlatform 'Android_ETC1a'
[2020.05.18-10.28.50:399][  0]LogTargetPlatformManager: Display: Loaded TargetPlatform 'Android_ETC2'
[2020.05.18-10.28.50:399][  0]LogTargetPlatformManager: Display: Loaded TargetPlatform 'Android_PVRTC'
[2020.05.18-10.28.50:400][  0]LogTargetPlatformManager: Display: Loaded TargetPlatform 'AndroidClient'
[2020.05.18-10.28.50:400][  0]LogTargetPlatformManager: Display: Loaded TargetPlatform 'Android_ASTCClient'
[2020.05.18-10.28.50:400][  0]LogTargetPlatformManager: Display: Loaded TargetPlatform 'Android_ATCClient'
[2020.05.18-10.28.50:400][  0]LogTargetPlatformManager: Display: Loaded TargetPlatform 'Android_DXTClient'
[2020.05.18-10.28.50:400][  0]LogTargetPlatformManager: Display: Loaded TargetPlatform 'Android_ETC1Client'
[2020.05.18-10.28.50:400][  0]LogTargetPlatformManager: Display: Loaded TargetPlatform 'Android_ETC1aClient'
[2020.05.18-10.28.50:400][  0]LogTargetPlatformManager: Display: Loaded TargetPlatform 'Android_ETC2Client'
[2020.05.18-10.28.50:400][  0]LogTargetPlatformManager: Display: Loaded TargetPlatform 'Android_PVRTCClient'
[2020.05.18-10.28.50:400][  0]LogTargetPlatformManager: Display: Loaded TargetPlatform 'Android_Multi'
[2020.05.18-10.28.50:400][  0]LogTargetPlatformManager: Display: Loaded TargetPlatform 'Android_MultiClient'
[2020.05.18-10.28.50:647][  0]LogTargetPlatformManager: Display: Loaded TargetPlatform 'IOSClient'
[2020.05.18-10.28.50:647][  0]LogTargetPlatformManager: Display: Loaded TargetPlatform 'IOS'
[2020.05.18-10.28.50:720][  0]LogTargetPlatformManager: Display: Loaded TargetPlatform 'LinuxNoEditor'
[2020.05.18-10.28.50:816][  0]LogTargetPlatformManager: Display: Loaded TargetPlatform 'LinuxClient'
[2020.05.18-10.28.50:871][  0]LogTargetPlatformManager: Display: Loaded TargetPlatform 'LinuxServer'
[2020.05.18-10.28.50:904][  0]LogTargetPlatformManager: Display: Loaded TargetPlatform 'LinuxAArch64NoEditor'
[2020.05.18-10.28.50:942][  0]LogTargetPlatformManager: Display: Loaded TargetPlatform 'LinuxAArch64Client'
[2020.05.18-10.28.51:044][  0]LogTargetPlatformManager: Display: Loaded TargetPlatform 'LinuxAArch64Server'
[2020.05.18-10.28.51:133][  0]LogTargetPlatformManager: Display: Loaded TargetPlatform 'Lumin'
[2020.05.18-10.28.51:133][  0]LogTargetPlatformManager: Display: Loaded TargetPlatform 'LuminClient'
[2020.05.18-10.28.51:195][  0]LogTargetPlatformManager: Display: Loaded TargetPlatform 'TVOSClient'
[2020.05.18-10.28.51:195][  0]LogTargetPlatformManager: Display: Loaded TargetPlatform 'TVOS'
[2020.05.18-10.28.51:302][  0]LogTargetPlatformManager: Display: Loaded TargetPlatform 'WindowsNoEditor'
[2020.05.18-10.28.51:354][  0]LogTargetPlatformManager: Display: Loaded TargetPlatform 'Windows'
[2020.05.18-10.28.51:425][  0]LogTargetPlatformManager: Display: Loaded TargetPlatform 'WindowsClient'
[2020.05.18-10.28.51:466][  0]LogTargetPlatformManager: Display: Loaded TargetPlatform 'WindowsServer'
[2020.05.18-10.28.51:466][  0]LogTargetPlatformManager: Display: Building Assets For Windows
[2020.05.18-10.28.51:907][  0]LogAudioDebug: Display: Lib vorbis DLL was dynamically loaded.
[2020.05.18-10.28.53:691][  0]LogShaderCompilers: Guid format shader working directory is 3 characters bigger than the processId version (../../../../../1 - JuniorCollabTech/SSRebuild/Intermediate/Shaders/WorkingDirectory/7992/).
[2020.05.18-10.28.53:691][  0]LogShaderCompilers: Cleaned the shader compiler working directory 'C:/Users/Michael/AppData/Local/Temp/UnrealShaderWorkingDir/54F51F3A4D62DFB696F5849919680320/'.
[2020.05.18-10.28.53:693][  0]LogXGEController: Cleaning working directory: C:/Users/Michael/AppData/Local/Temp/UnrealXGEWorkingDir/
[2020.05.18-10.28.53:694][  0]LogXGEController: Cannot use XGE Controller as Incredibuild is not installed on this machine.
[2020.05.18-10.28.53:694][  0]LogShaderCompilers: Cannot use XGE Shader Compiler as Incredibuild is not installed on this machine.
[2020.05.18-10.28.53:694][  0]LogShaderCompilers: Display: Using Local Shader Compiler.
[2020.05.18-10.28.59:685][  0]LogDerivedDataCache: Display: Max Cache Size: 512 MB
[2020.05.18-10.28.59:902][  0]LogDerivedDataCache: Loaded boot cache 0.22s 78MB C:/Users/Michael/AppData/Local/UnrealEngine/4.24/DerivedDataCache/Boot.ddc.
[2020.05.18-10.28.59:903][  0]LogDerivedDataCache: Display: Loaded Boot cache: C:/Users/Michael/AppData/Local/UnrealEngine/4.24/DerivedDataCache/Boot.ddc
[2020.05.18-10.28.59:903][  0]LogDerivedDataCache: FDerivedDataBackendGraph:  Pak pak cache file ../../../../../1 - JuniorCollabTech/SSRebuild/DerivedDataCache/DDC.ddp not found, will not use a pak cache.
[2020.05.18-10.28.59:903][  0]LogDerivedDataCache: Unable to find inner node Pak for hierarchical cache Hierarchy.
[2020.05.18-10.28.59:903][  0]LogDerivedDataCache: FDerivedDataBackendGraph:  CompressedPak pak cache file ../../../../../1 - JuniorCollabTech/SSRebuild/DerivedDataCache/Compressed.ddp not found, will not use a pak cache.
[2020.05.18-10.28.59:903][  0]LogDerivedDataCache: Unable to find inner node CompressedPak for hierarchical cache Hierarchy.
[2020.05.18-10.29.00:045][  0]LogDerivedDataCache: Display: Pak cache opened for reading ../../../Engine/DerivedDataCache/Compressed.ddp.
[2020.05.18-10.29.00:046][  0]LogDerivedDataCache: FDerivedDataBackendGraph:  EnterprisePak pak cache file ../../../Enterprise/DerivedDataCache/Compressed.ddp not found, will not use a pak cache.
[2020.05.18-10.29.00:046][  0]LogDerivedDataCache: Unable to find inner node EnterprisePak for hierarchical cache Hierarchy.
[2020.05.18-10.29.00:047][  0]LogDerivedDataCache: Using Local data cache path C:/Users/Michael/AppData/Local/UnrealEngine/Common/DerivedDataCache: Writable
[2020.05.18-10.29.00:047][  0]LogDerivedDataCache: Shared data cache path not found in *engine.ini, will not use an Shared cache.
[2020.05.18-10.29.00:047][  0]LogDerivedDataCache: Unable to find inner node Shared for hierarchical cache Hierarchy.
[2020.05.18-10.29.00:177][  0]LogMaterial: Verifying Global Shaders for PCD3D_SM5
[2020.05.18-10.29.00:393][  0]LogSlate: Using FreeType 2.10.0
[2020.05.18-10.29.00:707][  0]LogSlate: SlateFontServices - WITH_FREETYPE: 1, WITH_HARFBUZZ: 1
[2020.05.18-10.29.02:710][  0]LogAssetRegistry: FAssetRegistry took 0.0126 seconds to start up
[2020.05.18-10.29.20:464][  0]LogInit: Selected Device Profile: [Windows]
[2020.05.18-10.29.27:181][  0]LogMeshReduction: Using QuadricMeshReduction for automatic static mesh reduction
[2020.05.18-10.29.27:181][  0]LogMeshReduction: Using SimplygonMeshReduction for automatic skeletal mesh reduction
[2020.05.18-10.29.27:181][  0]LogMeshReduction: Using ProxyLODMeshReduction for automatic mesh merging
[2020.05.18-10.29.27:181][  0]LogMeshReduction: No distributed automatic mesh merging module available
[2020.05.18-10.29.27:181][  0]LogMeshMerging: No distributed automatic mesh merging module available
[2020.05.18-10.29.28:252][  0]LogNetVersion: SolarSailerRebuild 1.0.0, NetCL: 10570792, EngineNetVer: 13, GameNetVer: 0 (Checksum: 3931588009)
[2020.05.18-10.30.35:586][  0]LogPackageLocalizationCache: Processed 10 localized package path(s) for 1 prioritized culture(s) in 0.133605 seconds
[2020.05.18-10.30.35:669][  0]LogUObjectArray: 46750 objects as part of root set at end of initial load.
[2020.05.18-10.30.35:669][  0]LogUObjectAllocator: 8137160 out of 0 bytes used by permanent object pool.
[2020.05.18-10.30.35:669][  0]LogUObjectArray: CloseDisregardForGC: 0/0 objects in disregard for GC pool
[2020.05.18-10.30.52:938][  0]LogTcpMessaging: Initializing TcpMessaging bridge
[2020.05.18-10.30.52:999][  0]LogUdpMessaging: Initializing bridge on interface 0.0.0.0:0 to multicast group 230.0.0.1:6666.
[2020.05.18-10.30.54:247][  0]SourceControl: Source control is disabled
[2020.05.18-10.30.54:262][  0]LogWindows: Warning: CreateProc failed: The system cannot find the file specified. (0x00000002)
[2020.05.18-10.30.54:262][  0]LogWindows: Warning: URL: C:/Program Files/Git/cmd/git.exe version
[2020.05.18-10.30.54:417][  0]LogWindows: Warning: CreateProc failed: The system cannot find the file specified. (0x00000002)
[2020.05.18-10.30.54:417][  0]LogWindows: Warning: URL: C:/Program Files/Git/cmd/git.exe version
[2020.05.18-10.30.54:470][  0]LogWindows: Warning: CreateProc failed: The system cannot find the file specified. (0x00000002)
[2020.05.18-10.30.54:470][  0]LogWindows: Warning: URL: C:/Program Files/Git/cmd/git.exe version
[2020.05.18-10.30.54:490][  0]LogWindows: Warning: CreateProc failed: The system cannot find the file specified. (0x00000002)
[2020.05.18-10.30.54:490][  0]LogWindows: Warning: URL: C:/Program Files/Git/cmd/git.exe version
[2020.05.18-10.30.54:546][  0]LogVSAccessor: Display: Unable to create Visual Studio setup instance: 80040154
[2020.05.18-10.30.54:547][  0]LogVSAccessor: Display: Unable to create Visual Studio setup instance: 80040154
[2020.05.18-10.30.56:972][  0]LogAndroidPermission: UAndroidPermissionCallbackProxy::GetInstance
[2020.05.18-10.30.57:218][  0]LogAudioCaptureCore: Display: No Audio Capture implementations found. Audio input will be silent.
[2020.05.18-10.30.57:218][  0]LogAudioCaptureCore: Display: No Audio Capture implementations found. Audio input will be silent.
[2020.05.18-10.30.58:059][  0]LogOcInput: OculusInput pre-init called
[2020.05.18-10.30.58:167][  0]LogWindows: Failed to load 'OVRPlugin.dll' (GetLastError=126)
[2020.05.18-10.30.58:167][  0]LogWindows: File 'OVRPlugin.dll' does not exist
[2020.05.18-10.30.59:680][  0]LogEngine: Initializing Engine...
[2020.05.18-10.30.59:715][  0]LogHMD: Failed to initialize OpenVR with code 110
[2020.05.18-10.30.59:927][  0]LogStats: UGameplayTagsManager::InitializeManager -  0.057 s
[2020.05.18-10.31.00:304][  0]LogInit: Initializing FReadOnlyCVARCache
[2020.05.18-10.31.00:971][  0]LogAIModule: Creating AISystem for world Untitled
[2020.05.18-10.31.01:250][  0]LogAudioMixer: Display: Audio Mixer Platform Settings:
[2020.05.18-10.31.01:250][  0]LogAudioMixer: Display: 	Sample Rate:						  48000
[2020.05.18-10.31.01:250][  0]LogAudioMixer: Display: 	Callback Buffer Frame Size Requested: 1024
[2020.05.18-10.31.01:250][  0]LogAudioMixer: Display: 	Callback Buffer Frame Size To Use:	  1024
[2020.05.18-10.31.01:250][  0]LogAudioMixer: Display: 	Number of buffers to queue:			  2
[2020.05.18-10.31.01:250][  0]LogAudioMixer: Display: 	Max Channels (voices):				  32
[2020.05.18-10.31.01:250][  0]LogAudioMixer: Display: 	Number of Async Source Workers:		  0
[2020.05.18-10.31.01:250][  0]LogAudio: Display: AudioDevice MaxSources: 32
[2020.05.18-10.31.01:279][  0]LogAudio: Display: Using built-in audio occlusion.
[2020.05.18-10.31.01:279][  0]LogAudioMixer: Display: Initializing audio mixer.
[2020.05.18-10.31.01:375][  0]LogAudioMixer: Display: Audio Device Output Speaker Info:
[2020.05.18-10.31.01:375][  0]LogAudioMixer: Display: Name: Headset Earphone (HyperX Virtual Surround Sound)
[2020.05.18-10.31.01:375][  0]LogAudioMixer: Display: Is Default: Yes
[2020.05.18-10.31.01:375][  0]LogAudioMixer: Display: Sample Rate: 48000
[2020.05.18-10.31.01:375][  0]LogAudioMixer: Display: Channel Count Used: 2
[2020.05.18-10.31.01:375][  0]LogAudioMixer: Display: Device Channel Count: 2
[2020.05.18-10.31.01:375][  0]LogAudioMixer: Display: Channel Order:
[2020.05.18-10.31.01:375][  0]LogAudioMixer: Display: 0: FrontLeft
[2020.05.18-10.31.01:375][  0]LogAudioMixer: Display: 1: FrontRight
[2020.05.18-10.31.01:412][  0]LogAudioMixer: Display: Using Audio Device Headset Earphone (HyperX Virtual Surround Sound)
[2020.05.18-10.31.01:448][  0]LogInit: FAudioDevice initialized.
[2020.05.18-10.31.01:448][  0]LogNetVersion: Set ProjectVersion to 1.0.0.0. Version Checksum will be recalculated on next use.
[2020.05.18-10.31.01:550][  0]LogDerivedDataCache: Saved boot cache 0.10s 78MB C:/Users/Michael/AppData/Local/UnrealEngine/4.24/DerivedDataCache/Boot.ddc.
[2020.05.18-10.31.01:559][  0]LogInit: Texture streaming: Enabled
[2020.05.18-10.31.02:100][  0]LogEngineSessionManager: EngineSessionManager initialized
[2020.05.18-10.31.02:100][  0]LogEditorSessionSummary: Verbose: Initializing EditorSessionSummaryWriter for editor session tracking
[2020.05.18-10.31.02:104][  0]LogEditorSessionSummary: EditorSessionSummaryWriter initialized
[2020.05.18-10.31.04:093][  0]LogInit: Transaction tracking system initialized
[2020.05.18-10.31.05:805][  0]BlueprintLog: New page: Editor Load
[2020.05.18-10.31.10:712][  0]LocalizationService: Localization service is disabled
[2020.05.18-10.31.13:950][  0]LogVSAccessor: Display: Unable to create Visual Studio setup instance: 80040154
[2020.05.18-10.31.13:952][  0]LogVSAccessor: Display: Unable to create Visual Studio setup instance: 80040154
[2020.05.18-10.31.16:425][  0]LogFileCache: Scanning file cache for directory 'D:/1 - JuniorCollabTech/SSRebuild/Content/' took 0.01s
[2020.05.18-10.31.16:425][  0]LogCook: Display: Max memory allowance for cook 16384mb min free memory 0mb
[2020.05.18-10.31.16:425][  0]LogCook: Display: Mobile HDR setting 1
[2020.05.18-10.31.32:590][  0]LogWindows: Warning: CreateProc failed: The system cannot find the file specified. (0x00000002)
[2020.05.18-10.31.32:590][  0]LogWindows: Warning: URL: C:/Program Files/Git/cmd/git.exe version
[2020.05.18-10.31.32:667][  0]Cmd: MAP LOAD FILE="../../../../../1 - JuniorCollabTech/SSRebuild/Content/Levels/TutorialLevel.umap" TEMPLATE=0 SHOWPROGRESS=1 FEATURELEVEL=3
[2020.05.18-10.31.32:813][  0]LightingResults: New page: Lighting Build
[2020.05.18-10.31.33:230][  0]LogWorld: UWorld::CleanupWorld for Untitled, bSessionEnded=true, bCleanupResources=true
[2020.05.18-10.31.33:297][  0]LogSlate: InvalidateAllWidgets triggered.  All widgets were invalidated
[2020.05.18-10.31.33:387][  0]MapCheck: New page: Map Check
[2020.05.18-10.31.33:387][  0]LightingResults: New page: Lighting Build
[2020.05.18-10.31.34:056][  0]LogUObjectHash: Compacting FUObjectHashTables data took   2.34ms
[2020.05.18-10.31.37:399][  0]LogTexture: Display: Building textures: PropHammer_HammerHead_OcclusionRoughnessMetallic (AutoDXT, 1024X1024)
[2020.05.18-10.31.37:399][  0]LogTexture: Display: Building textures: PropHammer_HammerHead_Normal (BC5, 1024X1024)
[2020.05.18-10.31.37:399][  0]LogTexture: Display: Building textures: PropHammer_HammerHead_BaseColor (AutoDXT, 1024X1024)
[2020.05.18-10.31.37:399][  0]LogTexture: Display: Building textures: PropHammer_HammerHandle_OcclusionRoughnessMetallic (AutoDXT, 1024X1024)
[2020.05.18-10.31.37:399][  0]LogMaterial: Display: Missing cached shader map for material HammerHead, compiling. 
[2020.05.18-10.31.37:820][  0]LogTexture: Display: Building textures: PropHammer_HammerHandle_Normal (BC5, 1024X1024)
[2020.05.18-10.31.37:820][  0]LogTexture: Display: Building textures: PropHammer_HammerHandle_BaseColor (AutoDXT, 1024X1024)
[2020.05.18-10.31.37:820][  0]LogTexture: Display: Building textures: Door_Normal (BC5, 1024X1024)
[2020.05.18-10.31.37:820][  0]LogTexture: Display: Building textures: Door_OcclusionRoughnessMetallic (AutoDXT, 1024X1024)
[2020.05.18-10.31.37:820][  0]LogTexture: Display: Building textures: Door_BaseColor (AutoDXT, 1024X1024)
[2020.05.18-10.31.37:820][  0]LogMaterial: Display: Missing cached shader map for material HammerBody, compiling. 
[2020.05.18-10.31.37:831][  0]LogShaderCompilers: Display: Worker (1/3): shaders left to compile 15
[2020.05.18-10.31.37:831][  0]LogShaderCompilers: Display: Worker (2/3): shaders left to compile 9
[2020.05.18-10.31.37:831][  0]LogShaderCompilers: Display: Worker (3/3): shaders left to compile 3
[2020.05.18-10.31.37:831][  0]LogStaticMesh: Building static mesh PropHammer...
[2020.05.18-10.31.38:321][  0]LogTexture: Display: Building textures: Ambient_Occlusion_Map_from_Mesh__ (AutoDXT, 1024X1024)
[2020.05.18-10.31.38:321][  0]LogTexture: Display: Building textures: MovingPlatform___Normal (BC5, 1024X1024)
[2020.05.18-10.31.38:321][  0]LogTexture: Display: Building textures: MovingPlatform___Metallic (BGRA8, 1024X1024)
[2020.05.18-10.31.38:321][  0]LogTexture: Display: Building textures: MovingPlatform___BaseColor (AutoDXT, 1024X1024)
[2020.05.18-10.31.38:321][  0]LogTexture: Display: Building textures: MovingPlatform___Roughness (BGRA8, 1024X1024)
[2020.05.18-10.31.38:321][  0]LogTexture: Display: Building textures: Ambient_Occlusion_Map_from_Mesh__ (AutoDXT, 1024X1024)
[2020.05.18-10.31.38:321][  0]LogStaticMesh: Built static mesh [0.49s] /Game/ArtFolder/Art/Meshes/Environment/Hammer/PropHammer.PropHammer
[2020.05.18-10.31.38:896][  0]LogTexture: Display: Building textures: Portal___BaseColor (AutoDXT, 1024X1024)
[2020.05.18-10.31.38:896][  0]LogTexture: Display: Building textures: Portal___Emissive (AutoDXT, 1024X1024)
[2020.05.18-10.31.38:896][  0]LogMaterial: Display: Missing cached shader map for material MovingPlatformMat, compiling. 
[2020.05.18-10.31.38:907][  0]LogStaticMesh: Building static mesh MovingPlatform...
[2020.05.18-10.31.38:910][  0]LogStaticMesh: Built static mesh [0.00s] /Game/ArtFolder/Art/Meshes/Environment/MovingPlatforms/MovingPlatform.MovingPlatform
[2020.05.18-10.31.41:200][  0]LogTexture: Display: Building textures: Portal___Normal (BC5, 1024X1024)
[2020.05.18-10.31.41:200][  0]LogTexture: Display: Building textures: Portal___Roughness (BGRA8, 1024X1024)
[2020.05.18-10.31.41:200][  0]LogTexture: Display: Building textures: LaserBase_1_LaserBase_Roughness (BGRA8, 1024X1024)
[2020.05.18-10.31.41:201][  0]LogTexture: Display: Building textures: LaserBase_1_LaserBase_Normal (BC5, 1024X1024)
[2020.05.18-10.31.41:201][  0]LogTexture: Display: Building textures: LaserBase_1_LaserBase_Metallic (BGRA8, 1024X1024)
[2020.05.18-10.31.41:201][  0]LogTexture: Display: Building textures: LaserBase_1_LaserBase_BaseColor (AutoDXT, 1024X1024)
[2020.05.18-10.31.41:201][  0]LogStaticMesh: Building static mesh Portal...
[2020.05.18-10.31.41:224][  0]LogStaticMesh: Built static mesh [0.02s] /Game/ArtFolder/Art/Meshes/Environment/Teleporter/Portal.Portal
[2020.05.18-10.31.41:231][  0]LogMaterial: Display: Missing cached shader map for material Teleporter, compiling. 
[2020.05.18-10.31.41:273][  0]LogTexture: Display: Building textures: AO_LaserBase (AutoDXT, 1024X1024)
[2020.05.18-10.31.41:824][  0]LogTexture: Display: Building textures: Bed_03_-_Default_OcclusionRoughnessMetallic (AutoDXT, 1024X1024)
[2020.05.18-10.31.41:824][  0]LogStaticMesh: Building static mesh Barrel_Medium...
[2020.05.18-10.31.41:838][  0]LogStaticMesh: Built static mesh [0.01s] /Game/ArtFolder/Art/Meshes/Environment/Barrels/Barrel_Medium.Barrel_Medium
[2020.05.18-10.31.41:841][  0]LogStaticMesh: Building static mesh Bed...
[2020.05.18-10.31.41:847][  0]LogStaticMesh: Built static mesh [0.01s] /Game/ArtFolder/Art/Meshes/Environment/Bed.Bed
[2020.05.18-10.31.41:849][  0]LogStaticMesh: Building static mesh Door...
[2020.05.18-10.31.41:858][  0]LogStaticMesh: Built static mesh [0.01s] /Game/ArtFolder/Art/Meshes/Environment/Walls+Doors/Door.Door
[2020.05.18-10.31.41:860][  0]LogStaticMesh: Building static mesh Chair...
[2020.05.18-10.31.41:874][  0]LogStaticMesh: Built static mesh [0.01s] /Game/ArtFolder/Art/Meshes/Environment/Chair/Chair.Chair
[2020.05.18-10.31.41:877][  0]LogStaticMesh: Building static mesh CounterTop...
[2020.05.18-10.31.41:886][  0]LogStaticMesh: Built static mesh [0.01s] /Game/ArtFolder/Art/Meshes/Environment/Countertops/CounterTop.CounterTop
[2020.05.18-10.31.41:888][  0]LogStaticMesh: Building static mesh CounterTop_With_Sink...
[2020.05.18-10.31.41:898][  0]LogStaticMesh: Built static mesh [0.01s] /Game/ArtFolder/Art/Meshes/Environment/Countertops/CounterTop_With_Sink.CounterTop_With_Sink
[2020.05.18-10.31.41:901][  0]LogStaticMesh: Building static mesh Crate_Large...
[2020.05.18-10.31.41:909][  0]LogStaticMesh: Built static mesh [0.01s] /Game/ArtFolder/Art/Meshes/Environment/Crates/Crate_Large.Crate_Large
[2020.05.18-10.31.41:911][  0]LogStaticMesh: Building static mesh Crate_Medium...
[2020.05.18-10.31.41:919][  0]LogStaticMesh: Built static mesh [0.01s] /Game/ArtFolder/Art/Meshes/Environment/Crates/Crate_Medium.Crate_Medium
[2020.05.18-10.31.41:922][  0]LogStaticMesh: Building static mesh Crate_Small...
[2020.05.18-10.31.41:931][  0]LogStaticMesh: Built static mesh [0.01s] /Game/ArtFolder/Art/Meshes/Environment/Crates/Crate_Small.Crate_Small
[2020.05.18-10.31.41:933][  0]LogStaticMesh: Building static mesh EngineLarge...
[2020.05.18-10.31.41:960][  0]LogStaticMesh: Built static mesh [0.03s] /Game/ArtFolder/Art/Meshes/Environment/Engines/EngineLarge.EngineLarge
[2020.05.18-10.31.41:963][  0]LogStaticMesh: Building static mesh Floor_Plain...
[2020.05.18-10.31.41:965][  0]LogStaticMesh: Built static mesh [0.00s] /Game/ArtFolder/Art/Meshes/Environment/Floors/Floor_Plain.Floor_Plain
[2020.05.18-10.31.41:967][  0]LogStaticMesh: Building static mesh Locker...
[2020.05.18-10.31.41:975][  0]LogStaticMesh: Built static mesh [0.01s] /Game/ArtFolder/Art/Meshes/Environment/Locker/Locker.Locker
[2020.05.18-10.31.41:977][  0]LogStaticMesh: Building static mesh Oil_barrel...
[2020.05.18-10.31.41:984][  0]LogTexture: Display: Building textures: Bed_03_-_Default_Normal (BC5, 1024X1024)
[2020.05.18-10.31.41:984][  0]LogStaticMesh: Built static mesh [0.01s] /Game/ArtFolder/Art/Meshes/Environment/Oil_Barrel/Oil_barrel.Oil_barrel
[2020.05.18-10.31.41:987][  0]LogStaticMesh: Building static mesh PCDesk...
[2020.05.18-10.31.41:999][  0]LogStaticMesh: Built static mesh [0.01s] /Game/ArtFolder/Art/Meshes/Environment/Desks/PCDesk.PCDesk
[2020.05.18-10.31.42:001][  0]LogStaticMesh: Building static mesh Pipe_LLong...
[2020.05.18-10.31.42:007][  0]LogStaticMesh: Built static mesh [0.01s] /Game/ArtFolder/Art/Meshes/Environment/Pipes/Pipe_LLong.Pipe_LLong
[2020.05.18-10.31.42:009][  0]LogStaticMesh: Building static mesh Pipe_Long...
[2020.05.18-10.31.42:013][  0]LogStaticMesh: Built static mesh [0.00s] /Game/ArtFolder/Art/Meshes/Environment/Pipes/Pipe_Long.Pipe_Long
[2020.05.18-10.31.42:015][  0]LogStaticMesh: Building static mesh Pipe_Short...
[2020.05.18-10.31.42:019][  0]LogStaticMesh: Built static mesh [0.00s] /Game/ArtFolder/Art/Meshes/Environment/Pipes/Pipe_Short.Pipe_Short
[2020.05.18-10.31.42:021][  0]LogStaticMesh: Building static mesh Pipe_R_Long...
[2020.05.18-10.31.42:027][  0]LogStaticMesh: Built static mesh [0.01s] /Game/ArtFolder/Art/Meshes/Environment/Pipes/Pipe_R_Long.Pipe_R_Long
[2020.05.18-10.31.42:029][  0]LogStaticMesh: Building static mesh Small_Table...
[2020.05.18-10.31.42:039][  0]LogStaticMesh: Built static mesh [0.01s] /Game/ArtFolder/Art/Meshes/Environment/SmallTable/Small_Table.Small_Table
[2020.05.18-10.31.42:075][  0]LogStaticMesh: Building static mesh Fire_extinguisher...
[2020.05.18-10.31.42:087][  0]LogStaticMesh: Built static mesh [0.01s] /Game/ArtFolder/Art/Meshes/Environment/Fire_Extinguisher/Fire_extinguisher.Fire_extinguisher
[2020.05.18-10.31.42:090][  0]LogStaticMesh: Building static mesh Wall...
[2020.05.18-10.31.42:094][  0]LogStaticMesh: Built static mesh [0.00s] /Game/ArtFolder/Art/Meshes/Environment/Walls+Doors/Wall.Wall
[2020.05.18-10.31.42:095][  0]LogStaticMesh: Building static mesh CornerWall...
[2020.05.18-10.31.42:101][  0]LogStaticMesh: Built static mesh [0.01s] /Game/ArtFolder/Art/Meshes/Environment/Walls+Doors/CornerWall.CornerWall
[2020.05.18-10.31.42:102][  0]LogStaticMesh: Building static mesh wall_with_door_hole...
[2020.05.18-10.31.42:114][  0]LogStaticMesh: Built static mesh [0.01s] /Game/ArtFolder/Art/Meshes/Environment/Walls+Doors/wall_with_door_hole.wall_with_door_hole
[2020.05.18-10.31.42:117][  0]LogStaticMesh: Building static mesh WoodenWorkBench...
[2020.05.18-10.31.42:129][  0]LogStaticMesh: Built static mesh [0.01s] /Game/ArtFolder/Art/Meshes/Environment/WoodenWorkBench/WoodenWorkBench.WoodenWorkBench
[2020.05.18-10.31.42:359][  0]LogTexture: Display: Building textures: Bed_03_-_Default_BaseColor (AutoDXT, 1024X1024)
[2020.05.18-10.31.42:359][  0]LogMaterial: Display: Missing cached shader map for material LaserBase, compiling. 
[2020.05.18-10.31.43:177][  0]LogTexture: Display: Building textures: Fire_extinguisher_OcclusionRoughnessMetallic (AutoDXT, 1024X1024)
[2020.05.18-10.31.43:177][  0]LogMaterial: Display: Missing cached shader map for material BedMat, compiling. 
[2020.05.18-10.31.44:307][  0]LogTexture: Display: Building textures: Fire_extinguisher_Normal (BC5, 1024X1024)
[2020.05.18-10.31.44:307][  0]LogTexture: Display: Building textures: Fire_extinguisher_BaseColor (AutoDXT, 1024X1024)
[2020.05.18-10.31.44:307][  0]LogTexture: Display: Building textures: WoodenWorkBench_TableTop_OcclusionRoughnessMetallic (AutoDXT, 1024X1024)
[2020.05.18-10.31.44:307][  0]LogTexture: Display: Building textures: WoodenWorkBench_TableTop_Normal (BC5, 1024X1024)
[2020.05.18-10.31.44:307][  0]LogTexture: Display: Building textures: WoodenWorkBench_TableTop_BaseColor (AutoDXT, 1024X1024)
[2020.05.18-10.31.44:307][  0]LogMaterial: Display: Missing cached shader map for material M_Fire_Extinguisher, compiling. 
[2020.05.18-10.31.44:318][  0]LogStaticMesh: Building static mesh AcidVac_TempMesh...
[2020.05.18-10.31.44:320][  0]LogStaticMesh: Built static mesh [0.00s] /Game/Meshes/AcidVac_TempMesh.AcidVac_TempMesh
[2020.05.18-10.31.44:727][  0]LogTexture: Display: Building textures: WoodenWorkBench_TableShelf_OcclusionRoughnessMetallic (AutoDXT, 1024X1024)
[2020.05.18-10.31.44:727][  0]LogMaterial: Display: Missing cached shader map for material WoodenWorkBenchTop, compiling. 
[2020.05.18-10.31.45:647][  0]LogTexture: Display: Building textures: WoodenWorkBench_TableShelf_Normal (BC5, 1024X1024)
[2020.05.18-10.31.45:647][  0]LogTexture: Display: Building textures: WoodenWorkBench_TableShelf_BaseColor (AutoDXT, 1024X1024)
[2020.05.18-10.31.45:647][  0]LogTexture: Display: Building textures: WoodenWorkBench_TableLegs_OcclusionRoughnessMetallic (AutoDXT, 1024X1024)
[2020.05.18-10.31.45:647][  0]LogTexture: Display: Building textures: WoodenWorkBench_TableLegs_Normal (BC5, 1024X1024)
[2020.05.18-10.31.45:647][  0]LogTexture: Display: Building textures: WoodenWorkBench_TableLegs_BaseColor (AutoDXT, 1024X1024)
[2020.05.18-10.31.45:647][  0]LogMaterial: Display: Missing cached shader map for material WoodenWorkBenchShelf, compiling. 
[2020.05.18-10.31.45:689][  0]LogTexture: Display: Building textures: wall_with_door_hole_DefaultMaterial_BaseColor (AutoDXT, 1024X1024)
[2020.05.18-10.31.45:689][  0]LogMaterial: Display: Missing cached shader map for material WoodenWorkBenchLegs, compiling. 
[2020.05.18-10.31.46:212][  0]LogTexture: Display: Building textures: DefaultMaterial_normal_base (BC5, 1024X1024)
[2020.05.18-10.31.46:212][  0]LogTexture: Display: Building textures: DefaultMaterial_ambient_occlusion (AutoDXT, 1024X1024)
[2020.05.18-10.31.46:212][  0]LogTexture: Display: Building textures: walll_low_DefaultMaterial_BaseColor (AutoDXT, 1024X1024)
[2020.05.18-10.31.46:212][  0]LogMaterial: Display: Missing cached shader map for material NewWallHoleMat, compiling. 
[2020.05.18-10.31.46:586][  0]LogTexture: Display: Building textures: DefaultMaterial_normal_base (BC5, 1024X1024)
[2020.05.18-10.31.46:586][  0]LogTexture: Display: Building textures: DefaultMaterial_ambient_occlusion (AutoDXT, 1024X1024)
[2020.05.18-10.31.46:586][  0]LogTexture: Display: Building textures: Small_Table_SmallTableTop_OcclusionRoughnessMetallic (AutoDXT, 1024X1024)
[2020.05.18-10.31.46:586][  0]LogMaterial: Display: Missing cached shader map for material WallMat, compiling. 
[2020.05.18-10.31.46:830][  0]LogTexture: Display: Building textures: Small_Table_SmallTableTop_Normal (BC5, 1024X1024)
[2020.05.18-10.31.46:830][  0]LogTexture: Display: Building textures: Small_Table_SmallTableTop_BaseColor (AutoDXT, 1024X1024)
[2020.05.18-10.31.46:830][  0]LogTexture: Display: Building textures: Small_Table_SmallTableLegs_OcclusionRoughnessMetallic (AutoDXT, 1024X1024)
[2020.05.18-10.31.46:830][  0]LogTexture: Display: Building textures: Small_Table_SmallTableLegs_Normal (BC5, 1024X1024)
[2020.05.18-10.31.46:830][  0]LogMaterial: Display: Missing cached shader map for material SmallTableTop, compiling. 
[2020.05.18-10.31.46:965][  0]LogTexture: Display: Building textures: Small_Table_SmallTableLegs_BaseColor (AutoDXT, 1024X1024)
[2020.05.18-10.31.46:965][  0]LogTexture: Display: Building textures: Pipes_Pipe_Roughness (BGRA8, 1024X1024)
[2020.05.18-10.31.46:965][  0]LogMaterial: Display: Missing cached shader map for material SmallTableLegs, compiling. 
[2020.05.18-10.31.47:943][  0]LogTexture: Display: Building textures: Pipes_Pipe_Normal (BC5, 1024X1024)
[2020.05.18-10.31.47:943][  0]LogTexture: Display: Building textures: Pipes_Pipe_Metallic (BGRA8, 1024X1024)
[2020.05.18-10.31.47:943][  0]LogTexture: Display: Building textures: Pipes_Pipe_BaseColor (AutoDXT, 1024X1024)
[2020.05.18-10.31.47:943][  0]LogTexture: Display: Building textures: Ambient_Occlusion_Map_from_Mesh_01_-_Default (AutoDXT, 1024X1024)
[2020.05.18-10.31.47:943][  0]LogTexture: Display: Building textures: Oil_barrel_OcclusionRoughnessMetallic (AutoDXT, 1024X1024)
[2020.05.18-10.31.47:943][  0]LogTexture: Display: Building textures: Oil_barrel_Normal (BC5, 1024X1024)
[2020.05.18-10.31.47:943][  0]LogMaterial: Display: Missing cached shader map for material Pipe, compiling. 
[2020.05.18-10.31.48:271][  0]LogTexture: Display: Building textures: Oil_barrel_BaseColor (AutoDXT, 1024X1024)
[2020.05.18-10.31.48:271][  0]LogTexture: Display: Building textures: Locker_OcclusionRoughnessMetallic (AutoDXT, 1024X1024)
[2020.05.18-10.31.48:271][  0]LogTexture: Display: Building textures: Locker_Normal (BC5, 1024X1024)
[2020.05.18-10.31.48:271][  0]LogMaterial: Display: Missing cached shader map for material M_Oil_Barrel, compiling. 
[2020.05.18-10.31.48:865][  0]LogTexture: Display: Building textures: Locker_BaseColor (AutoDXT, 1024X1024)
[2020.05.18-10.31.48:865][  0]LogTexture: Display: Building textures: Floor_Plain_Clean_OcclusionRoughnessMetallic (AutoDXT, 1024X1024)
[2020.05.18-10.31.48:865][  0]LogTexture: Display: Building textures: Floor_Plain_Clean_Normal (BC5, 1024X1024)
[2020.05.18-10.31.48:865][  0]LogTexture: Display: Building textures: Floor_Plain_Clean_BaseColor (AutoDXT, 1024X1024)
[2020.05.18-10.31.48:865][  0]LogTexture: Display: Building textures: Engines_Engines_Roughness (BGRA8, 1024X1024)
[2020.05.18-10.31.48:865][  0]LogMaterial: Display: Missing cached shader map for material M_Locker, compiling. 
[2020.05.18-10.31.49:116][  0]LogTexture: Display: Building textures: Engines_Engines_Normal (BC5, 1024X1024)
[2020.05.18-10.31.49:116][  0]LogTexture: Display: Building textures: Engines_Engines_Metallic (BGRA8, 1024X1024)
[2020.05.18-10.31.49:116][  0]LogMaterial: Display: Missing cached shader map for material NewFloor, compiling. 
[2020.05.18-10.31.50:098][  0]LogTexture: Display: Building textures: Engines_Engines_BaseColor (AutoDXT, 1024X1024)
[2020.05.18-10.31.50:098][  0]LogTexture: Display: Building textures: Engines_AO (AutoDXT, 1024X1024)
[2020.05.18-10.31.50:098][  0]LogTexture: Display: Building textures: PCDesk___BaseColorWhite (AutoDXT, 1024X1024)
[2020.05.18-10.31.50:098][  0]LogTexture: Display: Building textures: Crate_Small_OcclusionRoughnessMetallic (AutoDXT, 1024X1024)
[2020.05.18-10.31.50:098][  0]LogMaterial: Display: Missing cached shader map for material EnginesMat, compiling. 
[2020.05.18-10.31.50:115][  0]LogTexture: Display: Building textures: PCDesk___Metallic (BGRA8, 1024X1024)
[2020.05.18-10.31.50:177][  0]LogTexture: Display: Building textures: Crate_Small_Normal (BC5, 1024X1024)
[2020.05.18-10.31.50:198][  0]LogTexture: Display: Building textures: PCDesk___Normal (BC5, 1024X1024)
[2020.05.18-10.31.50:331][  0]LogTexture: Display: Building textures: Crate_Medium_OcclusionRoughnessMetallic (AutoDXT, 1024X1024)
[2020.05.18-10.31.50:331][  0]LogTexture: Display: Building textures: Crate_Small_BaseColor (AutoDXT, 1024X1024)
[2020.05.18-10.31.50:331][  0]LogTexture: Display: Building textures: PCDesk___Roughness (BGRA8, 1024X1024)
[2020.05.18-10.31.50:450][  0]LogTexture: Display: Building textures: Ambient_Occlusion_Map_from_Mesh__ (AutoDXT, 1024X1024)
[2020.05.18-10.31.50:635][  0]LogTexture: Display: Building textures: Crate_Medium_Normal (BC5, 1024X1024)
[2020.05.18-10.31.50:635][  0]LogTexture: Display: Building textures: Crate_Medium_BaseColor (AutoDXT, 1024X1024)
[2020.05.18-10.31.50:635][  0]LogMaterial: Display: Missing cached shader map for material PcDeskWhite, compiling. 
[2020.05.18-10.31.50:853][  0]LogMaterial: Display: Missing cached shader map for material M_Crate_Small, compiling. 
[2020.05.18-10.31.51:133][  0]LogTexture: Display: Building textures: Crate_Large_OcclusionRoughnessMetallic (AutoDXT, 1024X1024)
[2020.05.18-10.31.51:133][  0]LogTexture: Display: Building textures: Crate_Large_Normal (BC5, 1024X1024)
[2020.05.18-10.31.51:133][  0]LogMaterial: Display: Missing cached shader map for material M_Crate_Medium, compiling. 
[2020.05.18-10.31.51:571][  0]LogTexture: Display: Building textures: Crate_Large_BaseColor (AutoDXT, 1024X1024)
[2020.05.18-10.31.51:571][  0]LogTexture: Display: Building textures: CounterTop_With_Sink_03_-_Default_OcclusionRoughnessMetallic (AutoDXT, 1024X1024)
[2020.05.18-10.31.51:571][  0]LogMaterial: Display: Missing cached shader map for material M_Crate_Large, compiling. 
[2020.05.18-10.31.52:094][  0]LogTexture: Display: Building textures: CounterTop_With_Sink_03_-_Default_Normal (BC5, 1024X1024)
[2020.05.18-10.31.52:094][  0]LogTexture: Display: Building textures: CounterTop_With_Sink_03_-_Default_BaseColor (AutoDXT, 1024X1024)
[2020.05.18-10.31.52:094][  0]LogTexture: Display: Building textures: CounterTop_03_-_Default_OcclusionRoughnessMetallic (AutoDXT, 1024X1024)
[2020.05.18-10.31.52:094][  0]LogTexture: Display: Building textures: CounterTop_03_-_Default_Normal (BC5, 1024X1024)
[2020.05.18-10.31.52:094][  0]LogMaterial: Display: Missing cached shader map for material SinkCounter, compiling. 
[2020.05.18-10.31.52:643][  0]LogTexture: Display: Building textures: CounterTop_03_-_Default_BaseColor (AutoDXT, 1024X1024)
[2020.05.18-10.31.52:643][  0]LogTexture: Display: Building textures: Chair_01_-_Default_OcclusionRoughnessMetallic (AutoDXT, 1024X1024)
[2020.05.18-10.31.52:643][  0]LogTexture: Display: Building textures: Chair_01_-_Default_Normal (BC5, 1024X1024)
[2020.05.18-10.31.52:643][  0]LogTexture: Display: Building textures: Chair_01_-_Default_Emissive (AutoDXT, 1024X1024)
[2020.05.18-10.31.52:643][  0]LogTexture: Display: Building textures: Chair_01_-_Default_BaseColor (AutoDXT, 1024X1024)
[2020.05.18-10.31.52:643][  0]LogTexture: Display: Building textures: walll_low_Wall_Roughness (BGRA8, 1024X1024)
[2020.05.18-10.31.52:643][  0]LogMaterial: Display: Missing cached shader map for material Counter, compiling. 
[2020.05.18-10.31.52:661][  0]LogTexture: Display: Building textures: walll_low_Wall_Normal (BC5, 1024X1024)
[2020.05.18-10.31.52:661][  0]LogMaterial: Display: Missing cached shader map for material Chair_Mat, compiling. 
[2020.05.18-10.31.53:755][  0]LogTexture: Display: Building textures: walll_low_Wall_Metallic (BGRA8, 1024X1024)
[2020.05.18-10.31.53:755][  0]LogTexture: Display: Building textures: walll_low_Wall_BaseColor (AutoDXT, 1024X1024)
[2020.05.18-10.31.53:755][  0]LogTexture: Display: Building textures: Ambient_Occlusion_Map_from_Mesh_DefaultMaterial (AutoDXT, 2048X2048)
[2020.05.18-10.31.53:755][  0]LogTexture: Display: Building textures: PCDesk___BaseColorRed (AutoDXT, 1024X1024)
[2020.05.18-10.31.53:755][  0]LogMaterial: Display: Missing cached shader map for material WallBurnt, compiling. 
[2020.05.18-10.31.53:774][  0]LogTexture: Display: Building textures: PCDesk___BaseColorBlue (AutoDXT, 1024X1024)
[2020.05.18-10.31.53:774][  0]LogTexture: Display: Building textures: HQ_Lightmap1_1 (AutoDXT, 1024X1024)
[2020.05.18-10.31.53:774][  0]LogMaterial: Display: Missing cached shader map for material PcDeskRed, compiling. 
[2020.05.18-10.31.54:177][  0]LogTexture: Display: Building textures: HQ_Lightmap1_2 (AutoDXT, 1024X1024)
[2020.05.18-10.31.54:177][  0]LogTexture: Display: Building textures: Floor_Plain_Burnt_BaseColor (AutoDXT, 1024X1024)
[2020.05.18-10.31.54:868][  0]LogTexture: Display: Building textures: HQ_Lightmap1_3 (AutoDXT, 1024X1024)
[2020.05.18-10.31.54:898][  0]LogTexture: Display: Building textures: Floor_Plain_Burnt_Normal (BC5, 1024X1024)
[2020.05.18-10.31.55:048][  0]LogTexture: Display: Building textures: Floor_Plain_Burnt_OcclusionRoughnessMetallic (AutoDXT, 1024X1024)
[2020.05.18-10.31.55:987][  0]LogTexture: Display: Building textures: LQ_Lightmap_1_1 (DXT1, 1024X1024)
[2020.05.18-10.31.55:987][  0]LogTexture: Display: Building textures: LQ_Lightmap_1_2 (DXT1, 1024X1024)
[2020.05.18-10.31.55:987][  0]LogTexture: Display: Building textures: LQ_Lightmap_1_3 (DXT1, 1024X1024)
[2020.05.18-10.31.55:991][  0]LogMaterial: Display: Missing cached shader map for material BurntFloor, compiling. 
[2020.05.18-10.31.56:171][  0]LogTexture: Display: Building textures: ShadowMapTexture2D_2 (G8, 1024X1024)
[2020.05.18-10.31.56:171][  0]LogTexture: Display: Building textures: ShadowMapTexture2D_3 (G8, 1024X256)
[2020.05.18-10.31.56:171][  0]LogTexture: Display: Building textures: Barrel_Medium_OcclusionRoughnessMetallic (AutoDXT, 1024X1024)
[2020.05.18-10.31.56:171][  0]LogMaterial: Display: Missing cached shader map for material PcDeskBlue, compiling. 
[2020.05.18-10.31.56:748][  0]LogTexture: Display: Building textures: Barrel_Medium_Normal (BC5, 1024X1024)
[2020.05.18-10.31.56:748][  0]LogTexture: Display: Building textures: Barrel_Medium_BaseColor (AutoDXT, 1024X1024)
[2020.05.18-10.31.56:748][  0]LogTexture: Display: Building textures: Barrel_Medium_Emissive (AutoDXT, 1024X1024)
[2020.05.18-10.31.56:748][  0]LogMaterial: Display: Missing cached shader map for material M_Barrel_Medium, compiling. 
[2020.05.18-10.31.56:767][  0]LogMaterial: Display: Missing cached shader map for material DoorMat, compiling. 
[2020.05.18-10.31.56:932][  0]LogAIModule: Creating AISystem for world TutorialLevel
[2020.05.18-10.31.58:653][  0]LogEditorServer: Finished looking for orphan Actors (0.000 secs)
[2020.05.18-10.31.59:341][  0]LogUObjectHash: Compacting FUObjectHashTables data took   2.84ms
[2020.05.18-10.31.59:348][  0]Cmd: MAP CHECKDEP NOCLEARLOG
[2020.05.18-10.31.59:369][  0]MapCheck: Map check complete: 0 Error(s), 0 Warning(s), took 20.329ms to complete.
[2020.05.18-10.31.59:369][  0]LogFileHelpers: Loading map 'TutorialLevel' took 26.737
[2020.05.18-10.32.02:157][  0]LogShaderCompilers: Display: Worker (3/3): shaders left to compile 704
[2020.05.18-10.32.05:004][  0]LogShaderCompilers: Display: Worker (1/3): shaders left to compile 694
[2020.05.18-10.32.05:004][  0]LogShaderCompilers: Display: Worker (2/3): shaders left to compile 684
[2020.05.18-10.32.05:004][  0]LogSlate: Updating window title bar state: overlay mode, drag disabled, window buttons hidden, title bar hidden
[2020.05.18-10.32.05:063][  0]LogSlate: Updating window title bar state: overlay mode, drag disabled, window buttons hidden, title bar hidden
[2020.05.18-10.32.05:071][  0]LogSlate: Updating window title bar state: overlay mode, drag disabled, window buttons hidden, title bar hidden
[2020.05.18-10.32.05:078][  0]LogSlate: Updating window title bar state: overlay mode, drag disabled, window buttons hidden, title bar hidden
[2020.05.18-10.32.05:512][  0]LogShaderCompilers: Display: Worker (3/3): shaders left to compile 674
[2020.05.18-10.32.05:512][  0]LogCollectionManager: Loaded 0 collections in 0.000879 seconds
[2020.05.18-10.32.06:516][  0]LogFileCache: Scanning file cache for directory 'D:/1 - JuniorCollabTech/SSRebuild/Saved/Collections/' took 0.00s
[2020.05.18-10.32.06:516][  0]LogFileCache: Scanning file cache for directory 'D:/1 - JuniorCollabTech/SSRebuild/Content/Developers/Michael/Collections/' took 0.00s
[2020.05.18-10.32.06:516][  0]LogFileCache: Scanning file cache for directory 'D:/1 - JuniorCollabTech/SSRebuild/Content/Collections/' took 0.00s
[2020.05.18-10.32.06:516][  0]LogShaderCompilers: Display: Worker (1/3): shaders left to compile 664
[2020.05.18-10.32.06:516][  0]LogContentBrowser: Native class hierarchy populated in 0.0078 seconds. Added 3015 classes and 717 folders.
[2020.05.18-10.32.06:857][  0]LogShaderCompilers: Display: Worker (2/3): shaders left to compile 654
[2020.05.18-10.32.06:857][  0]LogContentBrowser: Native class hierarchy updated for 'WidgetCarousel' in 0.0003 seconds. Added 0 classes and 0 folders.
[2020.05.18-10.32.14:629][  0]LogShaderCompilers: Display: Worker (3/3): shaders left to compile 644
[2020.05.18-10.32.14:629][  0]LogShaderCompilers: Display: Worker (1/3): shaders left to compile 634
[2020.05.18-10.32.14:629][  0]LogShaderCompilers: Display: Worker (2/3): shaders left to compile 624
[2020.05.18-10.32.14:629][  0]LogShaderCompilers: Display: Worker (3/3): shaders left to compile 614
[2020.05.18-10.32.14:629][  0]LogShaderCompilers: Display: Worker (1/3): shaders left to compile 604
[2020.05.18-10.32.14:629][  0]LogShaderCompilers: Display: Worker (2/3): shaders left to compile 594
[2020.05.18-10.32.14:629][  0]LogShaderCompilers: Display: Worker (3/3): shaders left to compile 584
[2020.05.18-10.32.14:629][  0]LogContentBrowser: Native class hierarchy updated for 'AddContentDialog' in 0.0004 seconds. Added 0 classes and 0 folders.
[2020.05.18-10.32.14:759][  0]LogContentBrowser: Native class hierarchy updated for 'SceneOutliner' in 0.0003 seconds. Added 2 classes and 3 folders.
[2020.05.18-10.32.17:882][  0]LogShaderCompilers: Display: Worker (1/3): shaders left to compile 574
[2020.05.18-10.32.17:882][  0]LogShaderCompilers: Display: Worker (2/3): shaders left to compile 564
[2020.05.18-10.32.17:882][  0]LogSlate: Took 0.075500 seconds to synchronously load lazily loaded font '../../../Engine/Content/Slate/Fonts/Roboto-Regular.ttf' (155K)
[2020.05.18-10.32.18:133][  0]LogShaderCompilers: Display: Worker (3/3): shaders left to compile 554
[2020.05.18-10.32.18:133][  0]LogShaderCompilers: Display: Worker (1/3): shaders left to compile 544
[2020.05.18-10.32.18:133][  0]LogSlate: Took 0.176392 seconds to synchronously load lazily loaded font '../../../Engine/Content/Slate/Fonts/Roboto-Bold.ttf' (160K)
[2020.05.18-10.32.18:275][  0]LogSlate: Took 0.068565 seconds to synchronously load lazily loaded font '../../../Engine/Content/Editor/Slate/Fonts/FontAwesome.ttf' (139K)
[2020.05.18-10.32.19:334][  0]LogRenderer: Reallocating scene render targets to support 1272x672 Format 10 NumSamples 1 (Frame:1).
[2020.05.18-10.32.38:092][  0]LogShaderCompilers: Display: Worker (3/3): shaders left to compile 534
[2020.05.18-10.32.38:092][  0]LogShaderCompilers: Display: Worker (2/3): shaders left to compile 524
[2020.05.18-10.32.38:092][  0]LogShaderCompilers: Display: Worker (1/3): shaders left to compile 514
[2020.05.18-10.32.38:092][  0]LogShaderCompilers: Display: Worker (3/3): shaders left to compile 504
[2020.05.18-10.32.38:092][  0]LogShaderCompilers: Display: Worker (2/3): shaders left to compile 494
[2020.05.18-10.32.38:092][  0]LogShaderCompilers: Display: Worker (1/3): shaders left to compile 484
[2020.05.18-10.32.38:092][  0]LogShaderCompilers: Display: Worker (3/3): shaders left to compile 474
[2020.05.18-10.32.38:092][  0]LogShaderCompilers: Display: Worker (1/3): shaders left to compile 464
[2020.05.18-10.32.38:092][  0]LogShaderCompilers: Display: Worker (2/3): shaders left to compile 454
[2020.05.18-10.32.38:092][  0]LogShaderCompilers: Display: Worker (3/3): shaders left to compile 444
[2020.05.18-10.32.38:092][  0]LogShaderCompilers: Display: Worker (2/3): shaders left to compile 434
[2020.05.18-10.32.38:092][  0]LogShaderCompilers: Display: Worker (1/3): shaders left to compile 424
[2020.05.18-10.32.38:092][  0]LogShaderCompilers: Display: Worker (2/3): shaders left to compile 414
[2020.05.18-10.32.38:092][  0]LogShaderCompilers: Display: Worker (3/3): shaders left to compile 404
[2020.05.18-10.32.38:092][  0]LogShaderCompilers: Display: Worker (1/3): shaders left to compile 394
[2020.05.18-10.32.38:169][  0]LogContentBrowser: Native class hierarchy updated for 'HierarchicalLODOutliner' in 0.0003 seconds. Added 0 classes and 0 folders.
[2020.05.18-10.32.38:169][  0]LogLoad: (Engine Initialization) Total time: 293.27 seconds
[2020.05.18-10.32.38:169][  0]LogLoad: (Engine Initialization) Total Blueprint compile time: 0.00 seconds
[2020.05.18-10.32.38:513][  0]LogContentStreaming: Texture pool size now 1000 MB
[2020.05.18-10.32.38:763][  0]LogShaderCompilers: Display: Worker (2/3): shaders left to compile 384
[2020.05.18-10.32.38:763][  0]LogSlate: Took 0.055441 seconds to synchronously load lazily loaded font '../../../Engine/Content/Slate/Fonts/Roboto-Light.ttf' (167K)
[2020.05.18-10.32.39:209][  1]LogShaderCompilers: Display: Worker (3/3): shaders left to compile 374
[2020.05.18-10.32.39:252][  2]LogAssetRegistry: Asset discovery search completed in 216.5462 seconds
[2020.05.18-10.32.39:257][  2]LogCollectionManager: Fixed up redirectors for 0 collections in 0.000019 seconds (updated 0 objects)
[2020.05.18-10.32.40:406][ 83]LogShaderCompilers: Display: Worker (1/3): shaders left to compile 364
[2020.05.18-10.32.43:218][330]LogShaderCompilers: Display: Worker (2/3): shaders left to compile 354
[2020.05.18-10.32.45:901][613]LogShaderCompilers: Display: Worker (3/3): shaders left to compile 344
[2020.05.18-10.32.47:717][820]LogShaderCompilers: Display: Worker (1/3): shaders left to compile 334
[2020.05.18-10.32.49:864][ 48]LogShaderCompilers: Display: Worker (2/3): shaders left to compile 324
[2020.05.18-10.32.53:608][375]LogShaderCompilers: Display: Worker (3/3): shaders left to compile 314
[2020.05.18-10.32.54:301][432]LogShaderCompilers: Display: Worker (1/3): shaders left to compile 304
[2020.05.18-10.32.58:357][749]LogShaderCompilers: Display: Worker (2/3): shaders left to compile 294
[2020.05.18-10.33.01:233][993]LogShaderCompilers: Display: Worker (1/3): shaders left to compile 284
[2020.05.18-10.33.01:577][ 18]LogShaderCompilers: Display: Worker (3/3): shaders left to compile 274
[2020.05.18-10.33.05:298][296]LogShaderCompilers: Display: Worker (2/3): shaders left to compile 264
[2020.05.18-10.33.06:183][375]LogUObjectHash: Compacting FUObjectHashTables data took   1.77ms
[2020.05.18-10.33.06:346][375]LogSlate: Window 'SolarSailerRebuild - Unreal Editor' being destroyed
[2020.05.18-10.33.06:346][375]LogWindowsTextInputMethodSystem: Display: IME system now deactivated.
[2020.05.18-10.33.06:764][376]Cmd: QUIT_EDITOR
[2020.05.18-10.33.06:764][376]LogCore: Engine exit requested (reason: UUnrealEdEngine::CloseEditor())
[2020.05.18-10.33.06:833][376]LogCore: Engine exit requested (reason: EngineExit() was called; note: exit was already requested)
[2020.05.18-10.33.06:847][376]LogAudioMixer: Display: No commands were queued while flushing the source manager.
